[LicensingClient] Handshaking with LicensingClient (version: 1.12.0+3acf7bc)
[Licensing::Module] Successfully connected to LicensingClient on channel: "LicenseClient-Oh" (connect: 0.00s, validation: 0.01s, handshake: 1.78s)
Entitlement-based licensing initiated
[Licensing::Module] Error: Access token is unavailable
[LicensingClient] Licenses updated successfully

LICENSE SYSTEM [2023125 2:33:21] Next license update check is after 2023-01-25T17:33:22


LICENSE SYSTEM [2023125 2:33:21] Current license is already valid and activated. Skipping license activation process (Provided username/password will be ignored).
Built from '2021.3/staging' branch; Version is '2021.3.16f1 (4016570cf34f) revision 4200023'; Using compiler version '192829333'; Build Type 'Release'
OS: 'Windows 10  (10.0.19044) 64bit Professional' Language: 'ko' Physical Memory: 32650 MB
[Licensing::Module] Serial number assigned to: "F4-RAWN-9TRJ-BZ5W-H9EN-XXXX"
BatchMode: 1, IsHumanControllingUs: 0, StartBugReporterOnCrash: 0, Is64bit: 1, IsPro: 0
[Package Manager] Server::Start -- Port 49424 was selected

COMMAND LINE ARGUMENTS:
C:\Program Files\Unity\Hub\Editor\2021.3.16f1\Editor\Unity.exe
-quit
-batchmode
-logFile
C:\Users\Oh\Desktop\Study\Unity\ProjectJ\Builds\build_log.log
-buildTarget
StandaloneWindows
-projectPath
C:\Users\Oh\Desktop\Study\Unity\ProjectJ
-executeMethod
BuildMgr.Build_EXE
Successfully changed project path to: C:\Users\Oh\Desktop\Study\Unity\ProjectJ
C:/Users/Oh/Desktop/Study/Unity/ProjectJ
[UnityMemory] Configuration Parameters - Can be set up in boot.config
    "memorysetup-bucket-allocator-granularity=16"
    "memorysetup-bucket-allocator-bucket-count=8"
    "memorysetup-bucket-allocator-block-size=33554432"
    "memorysetup-bucket-allocator-block-count=8"
    "memorysetup-main-allocator-block-size=16777216"
    "memorysetup-thread-allocator-block-size=16777216"
    "memorysetup-gfx-main-allocator-block-size=16777216"
    "memorysetup-gfx-thread-allocator-block-size=16777216"
    "memorysetup-cache-allocator-block-size=4194304"
    "memorysetup-typetree-allocator-block-size=2097152"
    "memorysetup-profiler-bucket-allocator-granularity=16"
    "memorysetup-profiler-bucket-allocator-bucket-count=8"
    "memorysetup-profiler-bucket-allocator-block-size=33554432"
    "memorysetup-profiler-bucket-allocator-block-count=8"
    "memorysetup-profiler-allocator-block-size=16777216"
    "memorysetup-profiler-editor-allocator-block-size=1048576"
    "memorysetup-temp-allocator-size-main=16777216"
    "memorysetup-job-temp-allocator-block-size=2097152"
    "memorysetup-job-temp-allocator-block-size-background=1048576"
    "memorysetup-job-temp-allocator-reduction-small-platforms=262144"
    "memorysetup-temp-allocator-size-background-worker=32768"
    "memorysetup-temp-allocator-size-job-worker=262144"
    "memorysetup-temp-allocator-size-preload-manager=33554432"
    "memorysetup-temp-allocator-size-nav-mesh-worker=65536"
    "memorysetup-temp-allocator-size-audio-worker=65536"
    "memorysetup-temp-allocator-size-cloud-worker=32768"
    "memorysetup-temp-allocator-size-gi-baking-worker=262144"
    "memorysetup-temp-allocator-size-gfx=262144"
Player connection [17016] Host "[IP] 192.168.0.37 [Port] 55496 [Flags] 2 [Guid] 1816196219 [EditorId] 1816196219 [Version] 1048832 [Id] WindowsEditor(7,DESKTOP-G4K1ASF) [Debug] 1 [PackageName] WindowsEditor [ProjectName] Editor" joined multi-casting on [225.0.0.222:54997]...

Player connection [17016] Host "[IP] 192.168.0.37 [Port] 55496 [Flags] 2 [Guid] 1816196219 [EditorId] 1816196219 [Version] 1048832 [Id] WindowsEditor(7,DESKTOP-G4K1ASF) [Debug] 1 [PackageName] WindowsEditor [ProjectName] Editor" joined alternative multi-casting on [225.0.0.222:34997]...

[Package Manager] Restoring resolved packages state from cache
[Package Manager] 
Registered 53 packages:
  Packages from [https://packages.unity.com]:
    com.unity.addressables@1.19.19 (location: C:\Users\Oh\Desktop\Study\Unity\ProjectJ\Library\PackageCache\com.unity.addressables@1.19.19)
    com.unity.collab-proxy@1.17.7 (location: C:\Users\Oh\Desktop\Study\Unity\ProjectJ\Library\PackageCache\com.unity.collab-proxy@1.17.7)
    com.unity.ide.rider@3.0.16 (location: C:\Users\Oh\Desktop\Study\Unity\ProjectJ\Library\PackageCache\com.unity.ide.rider@3.0.16)
    com.unity.ide.visualstudio@2.0.16 (location: C:\Users\Oh\Desktop\Study\Unity\ProjectJ\Library\PackageCache\com.unity.ide.visualstudio@2.0.16)
    com.unity.ide.vscode@1.2.5 (location: C:\Users\Oh\Desktop\Study\Unity\ProjectJ\Library\PackageCache\com.unity.ide.vscode@1.2.5)
    com.unity.test-framework@1.3.1 (location: C:\Users\Oh\Desktop\Study\Unity\ProjectJ\Library\PackageCache\com.unity.test-framework@1.3.1)
    com.unity.textmeshpro@3.0.6 (location: C:\Users\Oh\Desktop\Study\Unity\ProjectJ\Library\PackageCache\com.unity.textmeshpro@3.0.6)
    com.unity.timeline@1.6.4 (location: C:\Users\Oh\Desktop\Study\Unity\ProjectJ\Library\PackageCache\com.unity.timeline@1.6.4)
    com.unity.visualscripting@1.7.8 (location: C:\Users\Oh\Desktop\Study\Unity\ProjectJ\Library\PackageCache\com.unity.visualscripting@1.7.8)
    com.unity.ext.nunit@2.0.3 (location: C:\Users\Oh\Desktop\Study\Unity\ProjectJ\Library\PackageCache\com.unity.ext.nunit@2.0.3)
    com.unity.editorcoroutines@1.0.0 (location: C:\Users\Oh\Desktop\Study\Unity\ProjectJ\Library\PackageCache\com.unity.editorcoroutines@1.0.0)
    com.unity.performance.profile-analyzer@1.1.1 (location: C:\Users\Oh\Desktop\Study\Unity\ProjectJ\Library\PackageCache\com.unity.performance.profile-analyzer@1.1.1)
    com.unity.testtools.codecoverage@1.2.2 (location: C:\Users\Oh\Desktop\Study\Unity\ProjectJ\Library\PackageCache\com.unity.testtools.codecoverage@1.2.2)
    com.unity.services.core@1.6.0 (location: C:\Users\Oh\Desktop\Study\Unity\ProjectJ\Library\PackageCache\com.unity.services.core@1.6.0)
    com.unity.scriptablebuildpipeline@1.20.1 (location: C:\Users\Oh\Desktop\Study\Unity\ProjectJ\Library\PackageCache\com.unity.scriptablebuildpipeline@1.20.1)
    com.unity.settings-manager@1.0.3 (location: C:\Users\Oh\Desktop\Study\Unity\ProjectJ\Library\PackageCache\com.unity.settings-manager@1.0.3)
    com.unity.nuget.newtonsoft-json@3.0.2 (location: C:\Users\Oh\Desktop\Study\Unity\ProjectJ\Library\PackageCache\com.unity.nuget.newtonsoft-json@3.0.2)
  Built-in packages:
    com.unity.2d.sprite@1.0.0 (location: C:\Users\Oh\Desktop\Study\Unity\ProjectJ\Library\PackageCache\com.unity.2d.sprite@1.0.0)
    com.unity.feature.development@1.0.1 (location: C:\Users\Oh\Desktop\Study\Unity\ProjectJ\Library\PackageCache\com.unity.feature.development@1.0.1)
    com.unity.ugui@1.0.0 (location: C:\Users\Oh\Desktop\Study\Unity\ProjectJ\Library\PackageCache\com.unity.ugui@1.0.0)
    com.unity.modules.ai@1.0.0 (location: C:\Users\Oh\Desktop\Study\Unity\ProjectJ\Library\PackageCache\com.unity.modules.ai@1.0.0)
    com.unity.modules.androidjni@1.0.0 (location: C:\Users\Oh\Desktop\Study\Unity\ProjectJ\Library\PackageCache\com.unity.modules.androidjni@1.0.0)
    com.unity.modules.animation@1.0.0 (location: C:\Users\Oh\Desktop\Study\Unity\ProjectJ\Library\PackageCache\com.unity.modules.animation@1.0.0)
    com.unity.modules.assetbundle@1.0.0 (location: C:\Users\Oh\Desktop\Study\Unity\ProjectJ\Library\PackageCache\com.unity.modules.assetbundle@1.0.0)
    com.unity.modules.audio@1.0.0 (location: C:\Users\Oh\Desktop\Study\Unity\ProjectJ\Library\PackageCache\com.unity.modules.audio@1.0.0)
    com.unity.modules.cloth@1.0.0 (location: C:\Users\Oh\Desktop\Study\Unity\ProjectJ\Library\PackageCache\com.unity.modules.cloth@1.0.0)
    com.unity.modules.director@1.0.0 (location: C:\Users\Oh\Desktop\Study\Unity\ProjectJ\Library\PackageCache\com.unity.modules.director@1.0.0)
    com.unity.modules.imageconversion@1.0.0 (location: C:\Users\Oh\Desktop\Study\Unity\ProjectJ\Library\PackageCache\com.unity.modules.imageconversion@1.0.0)
    com.unity.modules.imgui@1.0.0 (location: C:\Users\Oh\Desktop\Study\Unity\ProjectJ\Library\PackageCache\com.unity.modules.imgui@1.0.0)
    com.unity.modules.jsonserialize@1.0.0 (location: C:\Users\Oh\Desktop\Study\Unity\ProjectJ\Library\PackageCache\com.unity.modules.jsonserialize@1.0.0)
    com.unity.modules.particlesystem@1.0.0 (location: C:\Users\Oh\Desktop\Study\Unity\ProjectJ\Library\PackageCache\com.unity.modules.particlesystem@1.0.0)
    com.unity.modules.physics@1.0.0 (location: C:\Users\Oh\Desktop\Study\Unity\ProjectJ\Library\PackageCache\com.unity.modules.physics@1.0.0)
    com.unity.modules.physics2d@1.0.0 (location: C:\Users\Oh\Desktop\Study\Unity\ProjectJ\Library\PackageCache\com.unity.modules.physics2d@1.0.0)
    com.unity.modules.screencapture@1.0.0 (location: C:\Users\Oh\Desktop\Study\Unity\ProjectJ\Library\PackageCache\com.unity.modules.screencapture@1.0.0)
    com.unity.modules.terrain@1.0.0 (location: C:\Users\Oh\Desktop\Study\Unity\ProjectJ\Library\PackageCache\com.unity.modules.terrain@1.0.0)
    com.unity.modules.terrainphysics@1.0.0 (location: C:\Users\Oh\Desktop\Study\Unity\ProjectJ\Library\PackageCache\com.unity.modules.terrainphysics@1.0.0)
    com.unity.modules.tilemap@1.0.0 (location: C:\Users\Oh\Desktop\Study\Unity\ProjectJ\Library\PackageCache\com.unity.modules.tilemap@1.0.0)
    com.unity.modules.ui@1.0.0 (location: C:\Users\Oh\Desktop\Study\Unity\ProjectJ\Library\PackageCache\com.unity.modules.ui@1.0.0)
    com.unity.modules.uielements@1.0.0 (location: C:\Users\Oh\Desktop\Study\Unity\ProjectJ\Library\PackageCache\com.unity.modules.uielements@1.0.0)
    com.unity.modules.umbra@1.0.0 (location: C:\Users\Oh\Desktop\Study\Unity\ProjectJ\Library\PackageCache\com.unity.modules.umbra@1.0.0)
    com.unity.modules.unityanalytics@1.0.0 (location: C:\Users\Oh\Desktop\Study\Unity\ProjectJ\Library\PackageCache\com.unity.modules.unityanalytics@1.0.0)
    com.unity.modules.unitywebrequest@1.0.0 (location: C:\Users\Oh\Desktop\Study\Unity\ProjectJ\Library\PackageCache\com.unity.modules.unitywebrequest@1.0.0)
    com.unity.modules.unitywebrequestassetbundle@1.0.0 (location: C:\Users\Oh\Desktop\Study\Unity\ProjectJ\Library\PackageCache\com.unity.modules.unitywebrequestassetbundle@1.0.0)
    com.unity.modules.unitywebrequestaudio@1.0.0 (location: C:\Users\Oh\Desktop\Study\Unity\ProjectJ\Library\PackageCache\com.unity.modules.unitywebrequestaudio@1.0.0)
    com.unity.modules.unitywebrequesttexture@1.0.0 (location: C:\Users\Oh\Desktop\Study\Unity\ProjectJ\Library\PackageCache\com.unity.modules.unitywebrequesttexture@1.0.0)
    com.unity.modules.unitywebrequestwww@1.0.0 (location: C:\Users\Oh\Desktop\Study\Unity\ProjectJ\Library\PackageCache\com.unity.modules.unitywebrequestwww@1.0.0)
    com.unity.modules.vehicles@1.0.0 (location: C:\Users\Oh\Desktop\Study\Unity\ProjectJ\Library\PackageCache\com.unity.modules.vehicles@1.0.0)
    com.unity.modules.video@1.0.0 (location: C:\Users\Oh\Desktop\Study\Unity\ProjectJ\Library\PackageCache\com.unity.modules.video@1.0.0)
    com.unity.modules.vr@1.0.0 (location: C:\Users\Oh\Desktop\Study\Unity\ProjectJ\Library\PackageCache\com.unity.modules.vr@1.0.0)
    com.unity.modules.wind@1.0.0 (location: C:\Users\Oh\Desktop\Study\Unity\ProjectJ\Library\PackageCache\com.unity.modules.wind@1.0.0)
    com.unity.modules.xr@1.0.0 (location: C:\Users\Oh\Desktop\Study\Unity\ProjectJ\Library\PackageCache\com.unity.modules.xr@1.0.0)
    com.unity.modules.subsystems@1.0.0 (location: C:\Users\Oh\Desktop\Study\Unity\ProjectJ\Library\PackageCache\com.unity.modules.subsystems@1.0.0)
    com.unity.modules.uielementsnative@1.0.0 (location: C:\Users\Oh\Desktop\Study\Unity\ProjectJ\Library\PackageCache\com.unity.modules.uielementsnative@1.0.0)

[Subsystems] No new subsystems found in resolved package list.
Package Manager log level set to [2]
[Package Manager] Done registering packages in 0.15s seconds
Targeting platform: StandaloneWindows
Refreshing native plugins compatible for Editor in 8.85 ms, found 3 plugins.
Preloading 0 native plugins for Editor in 0.00 ms.
Initialize engine version: 2021.3.16f1 (4016570cf34f)
[Subsystems] Discovering subsystems at path C:/Program Files/Unity/Hub/Editor/2021.3.16f1/Editor/Data/Resources/UnitySubsystems
[Subsystems] Discovering subsystems at path C:/Users/Oh/Desktop/Study/Unity/ProjectJ/Assets
GfxDevice: creating device client; threaded=0; jobified=0
Direct3D:
    Version:  Direct3D 11.0 [level 11.1]
    Renderer: NVIDIA GeForce RTX 3070 (ID=0x2484)
    Vendor:   NVIDIA
    VRAM:     8043 MB
    Driver:   31.0.15.1694
Initialize mono
Mono path[0] = 'C:/Program Files/Unity/Hub/Editor/2021.3.16f1/Editor/Data/Managed'
Mono path[1] = 'C:/Program Files/Unity/Hub/Editor/2021.3.16f1/Editor/Data/MonoBleedingEdge/lib/mono/unityjit-win32'
Mono config path = 'C:/Program Files/Unity/Hub/Editor/2021.3.16f1/Editor/Data/MonoBleedingEdge/etc'
Using monoOptions --debugger-agent=transport=dt_socket,embedding=1,server=y,suspend=n,address=127.0.0.1:56000
Using cacheserver namespaces - metadata:defaultmetadata, artifacts:defaultartifacts
Using cacheserver namespaces - metadata:defaultmetadata, artifacts:defaultartifacts
ImportWorker Server TCP listen port: 0
AcceleratorClientConnectionCallback - disconnected - :0
Begin MonoManager ReloadAssembly
Registering precompiled unity dll's ...
Register platform support module: C:/Program Files/Unity/Hub/Editor/2021.3.16f1/Editor/Data/PlaybackEngines/AndroidPlayer/UnityEditor.Android.Extensions.dll
Register platform support module: C:/Program Files/Unity/Hub/Editor/2021.3.16f1/Editor/Data/PlaybackEngines/WindowsStandaloneSupport/UnityEditor.WindowsStandalone.Extensions.dll
Registered in 0.026714 seconds.
Native extension for WindowsStandalone target not found
Native extension for Android target not found
Refreshing native plugins compatible for Editor in 2.87 ms, found 3 plugins.
Preloading 0 native plugins for Editor in 0.00 ms.
Mono: successfully reloaded assembly
- Completed reload, in  0.536 seconds
Domain Reload Profiling:
	ReloadAssembly (536ms)
		BeginReloadAssembly (82ms)
			ExecutionOrderSort (0ms)
			DisableScriptedObjects (0ms)
			BackupInstance (0ms)
			ReleaseScriptingObjects (0ms)
			CreateAndSetChildDomain (1ms)
		EndReloadAssembly (332ms)
			LoadAssemblies (79ms)
			RebuildTransferFunctionScriptingTraits (0ms)
			SetupTypeCache (80ms)
			ReleaseScriptCaches (0ms)
			RebuildScriptCaches (21ms)
			SetupLoadedEditorAssemblies (185ms)
				LogAssemblyErrors (0ms)
				InitializePlatformSupportModulesInManaged (53ms)
				SetLoadedEditorAssemblies (0ms)
				RefreshPlugins (3ms)
				BeforeProcessingInitializeOnLoad (1ms)
				ProcessInitializeOnLoadAttributes (81ms)
				ProcessInitializeOnLoadMethodAttributes (46ms)
				AfterProcessingInitializeOnLoad (0ms)
				EditorAssembliesLoaded (0ms)
			ExecutionOrderSort2 (0ms)
			AwakeInstancesAfterBackupRestoration (0ms)
Platform modules already initialized, skipping
Application.AssetDatabase Initial Refresh Start
Registering precompiled user dll's ...
Registered in 0.015509 seconds.
Starting: C:\Program Files\Unity\Hub\Editor\2021.3.16f1\Editor\Data\bee_backend.exe --profile="Library/Bee/backend_profiler0.traceevents" --stdin-canary --dagfile="Library/Bee/500b0aEDbg.dag" --continue-on-failure ScriptAssemblies
WorkingDir: C:/Users/Oh/Desktop/Study/Unity/ProjectJ
ExitCode: 0 Duration: 0s147ms
*** Tundra build success (0.10 seconds), 0 items updated, 541 evaluated
AssetDatabase: script compilation time: 0.558875s
Begin MonoManager ReloadAssembly
Symbol file LoadedFromMemory doesn't match image C:\Users\Oh\Desktop\Study\Unity\ProjectJ\Library\PackageCache\com.unity.visualscripting@1.7.8\Editor\VisualScripting.Core\Dependencies\YamlDotNet\Unity.VisualScripting.YamlDotNet.dll
Symbol file LoadedFromMemory doesn't match image C:\Users\Oh\Desktop\Study\Unity\ProjectJ\Library\PackageCache\com.unity.visualscripting@1.7.8\Editor\VisualScripting.Core\Dependencies\DotNetZip\Unity.VisualScripting.IonicZip.dll
Native extension for WindowsStandalone target not found
Native extension for Android target not found
Refreshing native plugins compatible for Editor in 0.78 ms, found 3 plugins.
Preloading 0 native plugins for Editor in 0.00 ms.
Mono: successfully reloaded assembly
- Completed reload, in  1.209 seconds
Domain Reload Profiling:
	ReloadAssembly (1210ms)
		BeginReloadAssembly (247ms)
			ExecutionOrderSort (0ms)
			DisableScriptedObjects (5ms)
			BackupInstance (0ms)
			ReleaseScriptingObjects (0ms)
			CreateAndSetChildDomain (137ms)
		EndReloadAssembly (869ms)
			LoadAssemblies (117ms)
			RebuildTransferFunctionScriptingTraits (0ms)
			SetupTypeCache (215ms)
			ReleaseScriptCaches (1ms)
			RebuildScriptCaches (43ms)
			SetupLoadedEditorAssemblies (472ms)
				LogAssemblyErrors (0ms)
				InitializePlatformSupportModulesInManaged (21ms)
				SetLoadedEditorAssemblies (0ms)
				RefreshPlugins (1ms)
				BeforeProcessingInitializeOnLoad (106ms)
				ProcessInitializeOnLoadAttributes (286ms)
				ProcessInitializeOnLoadMethodAttributes (44ms)
				AfterProcessingInitializeOnLoad (14ms)
				EditorAssembliesLoaded (0ms)
			ExecutionOrderSort2 (0ms)
			AwakeInstancesAfterBackupRestoration (14ms)
Platform modules already initialized, skipping
Registering precompiled user dll's ...
Registered in 0.010748 seconds.
Refreshing native plugins compatible for Editor in 0.84 ms, found 3 plugins.
Preloading 0 native plugins for Editor in 0.00 ms.
Asset Pipeline Refresh: Total: 4.471 seconds - Initiated by InitialRefreshV2(ForceSynchronousImport)
	Summary:
		Imports: total=2 (actual=0, local cache=2, cache server=0)
		Asset DB Process Time: managed=0 ms, native=838 ms
		Asset DB Callback time: managed=268 ms, native=5 ms
		Scripting: domain reloads=1, domain reload time=1416 ms, compile time=560 ms, other=1382 ms
		Project Asset Count: scripts=4878, non-scripts=1155
		Asset File Changes: new=0, changed=0, moved=0, deleted=1
		Scan Filter Count: 1
	InvokeBeforeRefreshCallbacks: 0.871ms
	ApplyChangesToAssetFolders: 0.052ms
	Scan: 488.174ms
	OnSourceAssetsModified: 0.664ms
	UnregisterDeletedAssets: 0.001ms
	InitializeImportedAssetsSnapshot: 7.390ms
	GetAllGuidsForCategorization: 0.713ms
	CategorizeAssets: 157.467ms
	ImportOutOfDateAssets: 3361.325ms (2799.665ms without children)
		CompileScripts: 560.108ms
		ReloadImportedAssets: 0.000ms
		EnsureUptoDateAssetsAreRegisteredWithGuidPM: 0.915ms
		InitializingProgressBar: 0.003ms
		PostProcessAllAssetNotificationsAddChangedAssets: 0.363ms
		OnDemandSchedulerStart: 0.271ms
	ReloadSourceAssets: 0.596ms
	UnloadImportedAssets: 0.540ms
	PostProcessAllAssets: 269.478ms
	Hotreload: 2.973ms
	GatherAllCurrentPrimaryArtifactRevisions: 0.000ms
	UnloadStreamsBegin: 0.418ms
	LoadedImportedAssetsSnapshotReleaseGCHandles: 1.119ms
	GetLoadedSourceAssetsSnapshot: 0.936ms
	PersistCurrentRevisions: 0.231ms
	UnloadStreamsEnd: 0.013ms
	GenerateScriptTypeHashes: 1.082ms
	Untracked: 447.533ms
Application.AssetDatabase Initial Refresh End
Launched and connected shader compiler UnityShaderCompiler.exe after 0.05 seconds
Scanning for USB devices : 13.087ms
Initializing Unity extensions:
[MODES] ModeService[none].Initialize
[MODES] ModeService[none].LoadModes
[MODES] Loading mode Default (0) for mode-current-id-ProjectJ
ProgressiveSceneManager::Cancel()
Unloading 119 Unused Serialized files (Serialized files now loaded: 0)
Unloading 154 unused Assets / (0.7 MB). Loaded Objects now: 4501.
Memory consumption went from 173.5 MB to 172.7 MB.
Total: 4.078900 ms (FindLiveObjects: 0.301400 ms CreateObjectMapping: 0.119500 ms MarkObjects: 3.286200 ms  DeleteObjects: 0.371200 ms)

Registering precompiled user dll's ...
Registered in 0.013491 seconds.
Asset Pipeline Refresh: Total: 0.158 seconds - Initiated by RefreshV2(NoUpdateAssetOptions)
DisplayProgressbar: Processing Addressable Group
DisplayProgressbar: Switch To Build Platform
DisplayProgressbar: Rebuild Sprite Atlas Cache
SpriteAtlasPacking completed in 0.019997 sec
DisplayProgressbar: Build Player Scripts
[ScriptCompilation] Requested script compilation because: Recompiling all scripts before compiling player scripts because Auto Refresh is disabled.
Starting: C:\Program Files\Unity\Hub\Editor\2021.3.16f1\Editor\Data\bee_backend.exe --profile="Library/Bee/backend_profiler0.traceevents" --stdin-canary --dagfile="Library/Bee/500b0aEDbg.dag" --continue-on-failure ScriptAssemblies
WorkingDir: C:/Users/Oh/Desktop/Study/Unity/ProjectJ
ExitCode: 0 Duration: 0s137ms
*** Tundra build success (0.10 seconds), 0 items updated, 541 evaluated
[ScriptCompilation] Requested script compilation because: Compiling scripts for player
Starting: C:\Program Files\Unity\Hub\Editor\2021.3.16f1\Editor\Data\bee_backend.exe --profile="Library/Bee/backend_profiler0.traceevents" --stdin-canary --dagfile="Library/Bee/500b0aP.dag" --continue-on-failure ScriptAssemblies
WorkingDir: C:/Users/Oh/Desktop/Study/Unity/ProjectJ
ExitCode: 0 Duration: 0s233ms
[208/284    0s] CopyFiles Library/PlayerScriptAssemblies/Unity.Services.Core.Networking.pdb
[209/284    0s] CopyFiles Library/PlayerScriptAssemblies/Unity.Services.Core.Analytics.pdb
[210/284    0s] CopyFiles Library/PlayerScriptAssemblies/Unity.Services.Core.Analytics.dll
[211/284    0s] CopyFiles Library/PlayerScriptAssemblies/Module.Core.pdb
[212/284    0s] CopyFiles Library/PlayerScriptAssemblies/UnityEngine.TestRunner.pdb
[213/284    0s] CopyFiles Library/PlayerScriptAssemblies/Assembly-CSharp.dll
[214/284    0s] CopyFiles Library/PlayerScriptAssemblies/Unity.Services.Core.Registration.dll
[215/284    0s] CopyFiles Library/PlayerScriptAssemblies/Module.Automation.pdb
[216/284    0s] CopyFiles Library/PlayerScriptAssemblies/Unity.VisualScripting.Core.pdb
[219/284    0s] CopyFiles Library/PlayerScriptAssemblies/Unity.Services.Core.Configuration.dll
[220/284    0s] CopyFiles Library/PlayerScriptAssemblies/Unity.Services.Core.Networking.dll
[221/284    0s] CopyFiles Library/PlayerScriptAssemblies/UnityEngine.TestRunner.dll
[222/284    0s] CopyFiles Library/PlayerScriptAssemblies/Unity.Services.Core.Registration.pdb
[223/284    0s] CopyFiles Library/PlayerScriptAssemblies/Assembly-CSharp.pdb
[224/284    0s] CopyFiles Library/PlayerScriptAssemblies/Module.Unity.Addressables.pdb
[225/284    0s] CopyFiles Library/PlayerScriptAssemblies/Unity.Services.Core.Configuration.pdb
[226/284    0s] CopyFiles Library/PlayerScriptAssemblies/Unity.Services.Core.Environments.Internal.dll
[227/284    0s] CopyFiles Library/PlayerScriptAssemblies/Unity.VisualScripting.State.dll
[228/284    0s] CopyFiles Library/PlayerScriptAssemblies/Unity.Services.Core.Scheduler.dll
[229/284    0s] CopyFiles Library/PlayerScriptAssemblies/Unity.VisualScripting.State.pdb
[230/284    0s] CopyFiles Library/PlayerScriptAssemblies/Unity.Services.Core.Telemetry.pdb
[231/284    0s] CopyFiles Library/PlayerScriptAssemblies/Unity.Services.Core.Threading.dll
[232/284    0s] CopyFiles Library/PlayerScriptAssemblies/Unity.Services.Core.Device.dll
[233/284    0s] CopyFiles Library/PlayerScriptAssemblies/Unity.Services.Core.Environments.Internal.pdb
[234/284    0s] CopyFiles Library/PlayerScriptAssemblies/Unity.Services.Core.Threading.pdb
[235/284    0s] CopyFiles Library/PlayerScriptAssemblies/Unity.Services.Core.Scheduler.pdb
[236/284    0s] CopyFiles Library/PlayerScriptAssemblies/Unity.Services.Core.Telemetry.dll
[241/284    0s] CopyFiles Library/PlayerScriptAssemblies/Unity.Services.Core.Device.pdb
[243/284    0s] CopyFiles Library/PlayerScriptAssemblies/Module.Unity.Addressables.dll
[247/284    0s] CopyFiles Library/PlayerScriptAssemblies/Module.Unity.Utils.dll
[248/284    0s] CopyFiles Library/PlayerScriptAssemblies/Unity.Services.Core.Environments.dll
[251/284    0s] CopyFiles Library/PlayerScriptAssemblies/Unity.Services.Core.Environments.pdb
[252/284    0s] CopyFiles Library/PlayerScriptAssemblies/Unity.VisualScripting.Flow.dll
[253/284    0s] CopyFiles Library/PlayerScriptAssemblies/Unity.Addressables.dll
[254/284    0s] CopyFiles Library/PlayerScriptAssemblies/Unity.Addressables.pdb
[255/284    0s] CopyFiles Library/PlayerScriptAssemblies/Module.Unity.Core.dll
[256/284    0s] CopyFiles Library/PlayerScriptAssemblies/Unity.VisualScripting.Flow.pdb
[257/284    0s] CopyFiles Library/PlayerScriptAssemblies/Module.Unity.Core.pdb
[258/284    0s] CopyFiles Library/PlayerScriptAssemblies/Unity.ResourceManager.pdb
[259/284    0s] CopyFiles Library/PlayerScriptAssemblies/Unity.VisualScripting.Core.dll
[260/284    0s] CopyFiles Library/PlayerScriptAssemblies/Module.Unity.Utils.pdb
[261/284    0s] CopyFiles Library/PlayerScriptAssemblies/Unity.ResourceManager.dll
[262/284    0s] CopyFiles Library/PlayerScriptAssemblies/Unity.Timeline.pdb
[266/284    0s] CopyFiles Library/PlayerScriptAssemblies/Module.Core.dll
[268/284    0s] CopyFiles Library/PlayerScriptAssemblies/Unity.Services.Core.Internal.dll
[272/284    0s] CopyFiles Library/PlayerScriptAssemblies/Unity.TextMeshPro.pdb
[273/284    0s] CopyFiles Library/PlayerScriptAssemblies/Module.Automation.dll
[275/284    0s] CopyFiles Library/PlayerScriptAssemblies/Unity.Services.Core.Internal.pdb
[276/284    0s] CopyFiles Library/PlayerScriptAssemblies/Unity.ScriptableBuildPipeline.pdb
[277/284    0s] CopyFiles Library/PlayerScriptAssemblies/Unity.Services.Core.pdb
[278/284    0s] CopyFiles Library/PlayerScriptAssemblies/Unity.Timeline.dll
[279/284    0s] CopyFiles Library/PlayerScriptAssemblies/Unity.TextMeshPro.dll
[280/284    0s] CopyFiles Library/PlayerScriptAssemblies/UnityEngine.UI.pdb
[281/284    0s] CopyFiles Library/PlayerScriptAssemblies/Unity.ScriptableBuildPipeline.dll
[282/284    0s] CopyFiles Library/PlayerScriptAssemblies/Unity.Services.Core.dll
[283/284    0s] CopyFiles Library/PlayerScriptAssemblies/UnityEngine.UI.dll
*** Tundra build success (0.19 seconds), 56 items updated, 284 evaluated
BuildPlayerGenerator: Succeeded
BuildPlayerGenerator: Succeeded
DisplayProgressbar: Post Scripts Callback
DisplayProgressbar: Calculate Scene Dependency Data
DisplayProgressbar: Calculate Asset Dependency Data
DisplayProgressbar: Add Hash To Bundle Name Task
DisplayProgressbar: Strip Unused Sprite Sources
DisplayProgressbar: Create Built In Shaders Bundle
DisplayProgressbar: Post Dependency Callback
DisplayProgressbar: Generate Bundle Packing
DisplayProgressbar: Update Bundle Object Layout
DisplayProgressbar: Generate Bundle Commands
DisplayProgressbar: Generate Sub Asset Path Maps
DisplayProgressbar: Generate Bundle Maps
DisplayProgressbar: Post Packing Callback
DisplayProgressbar: Write Serialized Files
DisplayProgressbar: Archive And Compress Bundles
DisplayProgressbar: Generate Location Lists Task
DisplayProgressbar: Post Writing Callback
DisplayProgressbar: Extract Data Task
Unloading 51 Unused Serialized files (Serialized files now loaded: 0)
Unloading 52 unused Assets / (381.6 KB). Loaded Objects now: 4513.
Memory consumption went from 175.5 MB to 175.2 MB.
Total: 3.688200 ms (FindLiveObjects: 0.231300 ms CreateObjectMapping: 0.098500 ms MarkObjects: 3.257200 ms  DeleteObjects: 0.100600 ms)

DisplayProgressbar: Post Processing AssetBundles
DisplayProgressbar: Post Processing Catalog Entries
Addressable content successfully built (duration : 0:00:03.589)
UnityEngine.StackTraceUtility:ExtractStackTrace ()
UnityEngine.DebugLogHandler:LogFormat (UnityEngine.LogType,UnityEngine.Object,string,object[])
UnityEngine.Logger:Log (UnityEngine.LogType,object)
UnityEngine.Debug:Log (object)
UnityEditor.AddressableAssets.Settings.AddressableAssetSettings:BuildPlayerContentImpl () (at Library/PackageCache/com.unity.addressables@1.19.19/Editor/Settings/AddressableAssetSettings.cs:2590)
UnityEditor.AddressableAssets.Settings.AddressableAssetSettings:BuildPlayerContent (UnityEditor.AddressableAssets.Build.AddressablesPlayerBuildResult&) (at Library/PackageCache/com.unity.addressables@1.19.19/Editor/Settings/AddressableAssetSettings.cs:2554)
UnityEditor.AddressableAssets.Settings.AddressableAssetSettings:BuildPlayerContent () (at Library/PackageCache/com.unity.addressables@1.19.19/Editor/Settings/AddressableAssetSettings.cs:2337)
BuildMgr:BuildAddressable () (at Assets/Module/Build/Editor/BuildMgr.cs:87)
BuildMgr:Build_EXE () (at Assets/Module/Build/Editor/BuildMgr.cs:43)

(Filename: Library/PackageCache/com.unity.addressables@1.19.19/Editor/Settings/AddressableAssetSettings.cs Line: 2590)

Registering precompiled user dll's ...
Registered in 0.009674 seconds.
Start importing Assets/AddressableAssetsData/Windows/addressables_content_state.bin using Guid(c506a003f8164a84a959a7ff49583f3e) Importer(-1,00000000000000000000000000000000)  -> (artifact id: '53444fdd05cf75745e63f1a9d4d87b04') in 0.025305 seconds 
Refreshing native plugins compatible for Editor in 0.80 ms, found 3 plugins.
Preloading 0 native plugins for Editor in 0.00 ms.
Asset Pipeline Refresh: Total: 0.219 seconds - Initiated by RefreshV2(NoUpdateAssetOptions)
DisplayProgressbar: Processing Addressable Group
DisplayProgressbar: Switch To Build Platform
DisplayProgressbar: Rebuild Sprite Atlas Cache
SpriteAtlasPacking completed in 0.013768 sec
DisplayProgressbar: Build Player Scripts
[ScriptCompilation] Requested script compilation because: Recompiling all scripts before compiling player scripts because Auto Refresh is disabled.
Starting: C:\Program Files\Unity\Hub\Editor\2021.3.16f1\Editor\Data\bee_backend.exe --profile="Library/Bee/backend_profiler0.traceevents" --stdin-canary --dagfile="Library/Bee/500b0aEDbg.dag" --continue-on-failure ScriptAssemblies
WorkingDir: C:/Users/Oh/Desktop/Study/Unity/ProjectJ
ExitCode: 0 Duration: 0s137ms
*** Tundra build success (0.10 seconds), 0 items updated, 541 evaluated
[ScriptCompilation] Requested script compilation because: Compiling scripts for player
Starting: C:\Program Files\Unity\Hub\Editor\2021.3.16f1\Editor\Data\bee_backend.exe --profile="Library/Bee/backend_profiler0.traceevents" --stdin-canary --dagfile="Library/Bee/500b0aP.dag" --continue-on-failure ScriptAssemblies
WorkingDir: C:/Users/Oh/Desktop/Study/Unity/ProjectJ
ExitCode: 0 Duration: 0s202ms
[211/284    0s] CopyFiles Library/PlayerScriptAssemblies/Unity.Addressables.pdb
[212/284    0s] CopyFiles Library/PlayerScriptAssemblies/UnityEngine.TestRunner.pdb
[213/284    0s] CopyFiles Library/PlayerScriptAssemblies/Module.Automation.pdb
[214/284    0s] CopyFiles Library/PlayerScriptAssemblies/Unity.Addressables.dll
[215/284    0s] CopyFiles Library/PlayerScriptAssemblies/Module.Unity.Addressables.pdb
[216/284    0s] CopyFiles Library/PlayerScriptAssemblies/UnityEngine.TestRunner.dll
[217/284    0s] CopyFiles Library/PlayerScriptAssemblies/Unity.Services.Core.Networking.dll
[218/284    0s] CopyFiles Library/PlayerScriptAssemblies/Unity.Services.Core.Registration.dll
[219/284    0s] CopyFiles Library/PlayerScriptAssemblies/Module.Unity.Addressables.dll
[220/284    0s] CopyFiles Library/PlayerScriptAssemblies/Unity.VisualScripting.State.pdb
[221/284    0s] CopyFiles Library/PlayerScriptAssemblies/Unity.Services.Core.Networking.pdb
[222/284    0s] CopyFiles Library/PlayerScriptAssemblies/Assembly-CSharp.pdb
[223/284    0s] CopyFiles Library/PlayerScriptAssemblies/UnityEngine.UI.pdb
[224/284    0s] CopyFiles Library/PlayerScriptAssemblies/Unity.Services.Core.Registration.pdb
[225/284    0s] CopyFiles Library/PlayerScriptAssemblies/Assembly-CSharp.dll
[226/284    0s] CopyFiles Library/PlayerScriptAssemblies/Unity.VisualScripting.State.dll
[227/284    0s] CopyFiles Library/PlayerScriptAssemblies/Unity.Services.Core.Configuration.pdb
[228/284    0s] CopyFiles Library/PlayerScriptAssemblies/Unity.Services.Core.Configuration.dll
[229/284    0s] CopyFiles Library/PlayerScriptAssemblies/Unity.Services.Core.Threading.pdb
[230/284    0s] CopyFiles Library/PlayerScriptAssemblies/Unity.Services.Core.Telemetry.pdb
[231/284    0s] CopyFiles Library/PlayerScriptAssemblies/Unity.VisualScripting.Flow.pdb
[232/284    0s] CopyFiles Library/PlayerScriptAssemblies/Unity.VisualScripting.Flow.dll
[234/284    0s] CopyFiles Library/PlayerScriptAssemblies/Unity.Services.Core.Device.dll
[235/284    0s] CopyFiles Library/PlayerScriptAssemblies/Unity.Services.Core.Threading.dll
[237/284    0s] CopyFiles Library/PlayerScriptAssemblies/Unity.Services.Core.Telemetry.dll
[246/284    0s] CopyFiles Library/PlayerScriptAssemblies/Unity.Services.Core.Scheduler.dll
[247/284    0s] CopyFiles Library/PlayerScriptAssemblies/Unity.Services.Core.Device.pdb
[248/284    0s] CopyFiles Library/PlayerScriptAssemblies/Unity.Services.Core.Environments.Internal.pdb
[249/284    0s] CopyFiles Library/PlayerScriptAssemblies/Unity.Services.Core.Environments.Internal.dll
[250/284    0s] CopyFiles Library/PlayerScriptAssemblies/Unity.Services.Core.Scheduler.pdb
[251/284    0s] CopyFiles Library/PlayerScriptAssemblies/Unity.Services.Core.Environments.pdb
[252/284    0s] CopyFiles Library/PlayerScriptAssemblies/Module.Unity.Core.pdb
[253/284    0s] CopyFiles Library/PlayerScriptAssemblies/Module.Unity.Core.dll
[254/284    0s] CopyFiles Library/PlayerScriptAssemblies/Module.Unity.Utils.pdb
[255/284    0s] CopyFiles Library/PlayerScriptAssemblies/Module.Unity.Utils.dll
[257/284    0s] CopyFiles Library/PlayerScriptAssemblies/Unity.Services.Core.Environments.dll
[258/284    0s] CopyFiles Library/PlayerScriptAssemblies/Unity.ScriptableBuildPipeline.dll
[259/284    0s] CopyFiles Library/PlayerScriptAssemblies/Unity.Services.Core.Analytics.pdb
[260/284    0s] CopyFiles Library/PlayerScriptAssemblies/Unity.Services.Core.Internal.dll
[261/284    0s] CopyFiles Library/PlayerScriptAssemblies/Unity.VisualScripting.Core.pdb
[262/284    0s] CopyFiles Library/PlayerScriptAssemblies/Module.Core.pdb
[263/284    0s] CopyFiles Library/PlayerScriptAssemblies/Module.Core.dll
[264/284    0s] CopyFiles Library/PlayerScriptAssemblies/Unity.Services.Core.Analytics.dll
[265/284    0s] CopyFiles Library/PlayerScriptAssemblies/Unity.ScriptableBuildPipeline.pdb
[266/284    0s] CopyFiles Library/PlayerScriptAssemblies/Unity.TextMeshPro.pdb
[267/284    0s] CopyFiles Library/PlayerScriptAssemblies/Unity.Services.Core.Internal.pdb
[273/284    0s] CopyFiles Library/PlayerScriptAssemblies/Unity.Services.Core.dll
[274/284    0s] CopyFiles Library/PlayerScriptAssemblies/Unity.ResourceManager.pdb
[275/284    0s] CopyFiles Library/PlayerScriptAssemblies/Unity.TextMeshPro.dll
[276/284    0s] CopyFiles Library/PlayerScriptAssemblies/Unity.Timeline.pdb
[278/284    0s] CopyFiles Library/PlayerScriptAssemblies/Unity.VisualScripting.Core.dll
[279/284    0s] CopyFiles Library/PlayerScriptAssemblies/Unity.ResourceManager.dll
[280/284    0s] CopyFiles Library/PlayerScriptAssemblies/Unity.Services.Core.pdb
[281/284    0s] CopyFiles Library/PlayerScriptAssemblies/Unity.Timeline.dll
[282/284    0s] CopyFiles Library/PlayerScriptAssemblies/UnityEngine.UI.dll
[283/284    0s] CopyFiles Library/PlayerScriptAssemblies/Module.Automation.dll
*** Tundra build success (0.16 seconds), 56 items updated, 284 evaluated
BuildPlayerGenerator: Succeeded
BuildPlayerGenerator: Succeeded
DisplayProgressbar: Post Scripts Callback
DisplayProgressbar: Calculate Scene Dependency Data
DisplayProgressbar: Calculate Asset Dependency Data
DisplayProgressbar: Add Hash To Bundle Name Task
DisplayProgressbar: Strip Unused Sprite Sources
DisplayProgressbar: Create Built In Shaders Bundle
DisplayProgressbar: Post Dependency Callback
DisplayProgressbar: Generate Bundle Packing
DisplayProgressbar: Update Bundle Object Layout
DisplayProgressbar: Generate Bundle Commands
DisplayProgressbar: Generate Sub Asset Path Maps
DisplayProgressbar: Generate Bundle Maps
DisplayProgressbar: Post Packing Callback
DisplayProgressbar: Write Serialized Files
DisplayProgressbar: Archive And Compress Bundles
DisplayProgressbar: Generate Location Lists Task
DisplayProgressbar: Post Writing Callback
DisplayProgressbar: Extract Data Task
Unloading 56 Unused Serialized files (Serialized files now loaded: 0)
Unloading 58 unused Assets / (379.0 KB). Loaded Objects now: 4514.
Memory consumption went from 175.4 MB to 175.1 MB.
Total: 4.670200 ms (FindLiveObjects: 0.294300 ms CreateObjectMapping: 0.178500 ms MarkObjects: 4.086000 ms  DeleteObjects: 0.110800 ms)

DisplayProgressbar: Post Processing AssetBundles
DisplayProgressbar: Post Processing Catalog Entries
Addressable content successfully built (duration : 0:00:02.93)
UnityEngine.StackTraceUtility:ExtractStackTrace ()
UnityEngine.DebugLogHandler:LogFormat (UnityEngine.LogType,UnityEngine.Object,string,object[])
UnityEngine.Logger:Log (UnityEngine.LogType,object)
UnityEngine.Debug:Log (object)
UnityEditor.AddressableAssets.Settings.AddressableAssetSettings:BuildPlayerContentImpl () (at Library/PackageCache/com.unity.addressables@1.19.19/Editor/Settings/AddressableAssetSettings.cs:2590)
UnityEditor.AddressableAssets.Settings.AddressableAssetSettings:BuildPlayerContent (UnityEditor.AddressableAssets.Build.AddressablesPlayerBuildResult&) (at Library/PackageCache/com.unity.addressables@1.19.19/Editor/Settings/AddressableAssetSettings.cs:2554)
AddressablesPlayerBuildProcessor:PrepareForPlayerbuild (UnityEditor.AddressableAssets.Settings.AddressableAssetSettings,UnityEditor.Build.BuildPlayerContext,bool) (at Library/PackageCache/com.unity.addressables@1.19.19/Editor/Build/AddressablesPlayerBuildProcessor.cs:100)
AddressablesPlayerBuildProcessor:PrepareForBuild (UnityEditor.Build.BuildPlayerContext) (at Library/PackageCache/com.unity.addressables@1.19.19/Editor/Build/AddressablesPlayerBuildProcessor.cs:79)
UnityEditor.Build.BuildPipelineInterfaces:PreparePlayerBuild (UnityEditor.Build.BuildPlayerContext)
UnityEditor.BuildPipeline:PreparePlayerBuild (UnityEditor.BuildPlayerOptions)
UnityEditor.BuildPipeline:BuildPlayerInternal (string[],string,string,UnityEditor.BuildTargetGroup,UnityEditor.BuildTarget,int,UnityEditor.BuildOptions,string[])
UnityEditor.BuildPipeline:BuildPlayer (string[],string,string,UnityEditor.BuildTargetGroup,UnityEditor.BuildTarget,int,UnityEditor.BuildOptions,string[])
UnityEditor.BuildPipeline:BuildPlayer (UnityEditor.BuildPlayerOptions)
BuildMgr:StartBuild (UnityEditor.BuildPlayerOptions) (at Assets/Module/Build/Editor/BuildMgr.cs:55)
BuildMgr:Build_EXE () (at Assets/Module/Build/Editor/BuildMgr.cs:50)

(Filename: Library/PackageCache/com.unity.addressables@1.19.19/Editor/Settings/AddressableAssetSettings.cs Line: 2590)

Registering precompiled user dll's ...
Registered in 0.014403 seconds.
Start importing Assets/AddressableAssetsData/Windows/addressables_content_state.bin using Guid(c506a003f8164a84a959a7ff49583f3e) Importer(-1,00000000000000000000000000000000)  -> (artifact id: '5a62a81c5347b626dfab0127ca80cb1a') in 0.000902 seconds 
Refreshing native plugins compatible for Editor in 0.89 ms, found 3 plugins.
Preloading 0 native plugins for Editor in 0.00 ms.
Asset Pipeline Refresh: Total: 0.224 seconds - Initiated by RefreshV2(NoUpdateAssetOptions)
Registering precompiled user dll's ...
Registered in 0.009971 seconds.
Start importing Assets/AddressableAssetsData/link.xml using Guid(231c22958d2591c41ac16e86e20018db) Importer(-1,00000000000000000000000000000000)  -> (artifact id: '020d758fc1499b6767e481077bd56488') in 0.008191 seconds 
Refreshing native plugins compatible for Editor in 1.09 ms, found 3 plugins.
Preloading 0 native plugins for Editor in 0.00 ms.
Asset Pipeline Refresh: Total: 0.183 seconds - Initiated by StopAssetImportingV2(NoUpdateAssetOptions)
[ServicesCore]: To use Unity's dashboard services, you need to link your Unity project to a project ID. To do this, go to Project Settings to select your organization, select your project and then link a project ID. You also need to make sure your organization has access to the required products. Visit https://dashboard.unity3d.com to sign up.
UnityEngine.StackTraceUtility:ExtractStackTrace ()
UnityEngine.DebugLogHandler:LogFormat (UnityEngine.LogType,UnityEngine.Object,string,object[])
UnityEngine.Logger:LogWarning (string,object)
Unity.Services.Core.Internal.CoreLogger:LogWarning (object) (at Library/PackageCache/com.unity.services.core@1.6.0/Runtime/Core.Internal/Logging/CoreLogger.cs:15)
Unity.Services.Core.Editor.ProjectUnlinkBuildWarning:OnPreprocessBuild (UnityEditor.Build.Reporting.BuildReport) (at Library/PackageCache/com.unity.services.core@1.6.0/Editor/Core/Build/ProjectUnlinkBuildWarning.cs:29)
UnityEditor.Build.BuildPipelineInterfaces/<>c__DisplayClass16_0:<OnBuildPreProcess>b__1 (UnityEditor.Build.IPreprocessBuildWithReport)
UnityEditor.Build.BuildPipelineInterfaces:InvokeCallbackInterfacesPair<UnityEditor.Build.IPreprocessBuild, UnityEditor.Build.IPreprocessBuildWithReport> (System.Collections.Generic.List`1<UnityEditor.Build.IPreprocessBuild>,System.Action`1<UnityEditor.Build.IPreprocessBuild>,System.Collections.Generic.List`1<UnityEditor.Build.IPreprocessBuildWithReport>,System.Action`1<UnityEditor.Build.IPreprocessBuildWithReport>,bool)
UnityEditor.Build.BuildPipelineInterfaces:OnBuildPreProcess (UnityEditor.Build.Reporting.BuildReport)
UnityEditor.BuildPipeline:BuildPlayerInternal (string[],string,string,UnityEditor.BuildTargetGroup,UnityEditor.BuildTarget,int,UnityEditor.BuildOptions,string[])
UnityEditor.BuildPipeline:BuildPlayer (string[],string,string,UnityEditor.BuildTargetGroup,UnityEditor.BuildTarget,int,UnityEditor.BuildOptions,string[])
UnityEditor.BuildPipeline:BuildPlayer (UnityEditor.BuildPlayerOptions)
BuildMgr:StartBuild (UnityEditor.BuildPlayerOptions) (at Assets/Module/Build/Editor/BuildMgr.cs:55)
BuildMgr:Build_EXE () (at Assets/Module/Build/Editor/BuildMgr.cs:50)

(Filename: Library/PackageCache/com.unity.services.core@1.6.0/Editor/Core/Build/ProjectUnlinkBuildWarning.cs Line: 29)

BuildPlayerGenerator: Succeeded
Asset Pipeline Refresh: Total: 0.064 seconds - Initiated by RefreshV2(NoUpdateAssetOptions)
[ScriptCompilation] Requested script compilation because: Recompiling scripts for player build.
BuildPlayer: start building target 5
Starting: C:\Program Files\Unity\Hub\Editor\2021.3.16f1\Editor\Data\bee_backend.exe --profile="Library/Bee/backend_profiler0.traceevents" --stdin-canary --dagfile="Library/Bee/500b0aPDevDbg.dag" --continue-on-failure ScriptAssemblies
WorkingDir: C:/Users/Oh/Desktop/Study/Unity/ProjectJ
ExitCode: 0 Duration: 0s214ms
[215/284    0s] CopyFiles Library/PlayerScriptAssemblies/Module.Unity.Utils.pdb
[216/284    0s] CopyFiles Library/PlayerScriptAssemblies/Unity.Services.Core.Device.dll
[217/284    0s] CopyFiles Library/PlayerScriptAssemblies/Unity.Services.Core.Registration.dll
[218/284    0s] CopyFiles Library/PlayerScriptAssemblies/Unity.Services.Core.Configuration.dll
[219/284    0s] CopyFiles Library/PlayerScriptAssemblies/Unity.Services.Core.Networking.pdb
[220/284    0s] CopyFiles Library/PlayerScriptAssemblies/UnityEngine.TestRunner.dll
[221/284    0s] CopyFiles Library/PlayerScriptAssemblies/Unity.Addressables.pdb
[222/284    0s] CopyFiles Library/PlayerScriptAssemblies/Module.Automation.pdb
[223/284    0s] CopyFiles Library/PlayerScriptAssemblies/Unity.ScriptableBuildPipeline.dll
[224/284    0s] CopyFiles Library/PlayerScriptAssemblies/Module.Automation.dll
[225/284    0s] CopyFiles Library/PlayerScriptAssemblies/Unity.Services.Core.Networking.dll
[226/284    0s] CopyFiles Library/PlayerScriptAssemblies/Assembly-CSharp.dll
[228/284    0s] CopyFiles Library/PlayerScriptAssemblies/Unity.VisualScripting.State.pdb
[229/284    0s] CopyFiles Library/PlayerScriptAssemblies/Unity.Services.Core.Registration.pdb
[230/284    0s] CopyFiles Library/PlayerScriptAssemblies/Assembly-CSharp.pdb
[231/284    0s] CopyFiles Library/PlayerScriptAssemblies/Unity.VisualScripting.State.dll
[232/284    0s] CopyFiles Library/PlayerScriptAssemblies/Unity.Services.Core.Scheduler.dll
[233/284    0s] CopyFiles Library/PlayerScriptAssemblies/Unity.Services.Core.Environments.dll
[234/284    0s] CopyFiles Library/PlayerScriptAssemblies/Unity.Services.Core.Environments.pdb
[235/284    0s] CopyFiles Library/PlayerScriptAssemblies/Unity.Services.Core.Telemetry.pdb
[236/284    0s] CopyFiles Library/PlayerScriptAssemblies/Unity.Services.Core.Device.pdb
[237/284    0s] CopyFiles Library/PlayerScriptAssemblies/Unity.Services.Core.Scheduler.pdb
[238/284    0s] CopyFiles Library/PlayerScriptAssemblies/Unity.Services.Core.Threading.dll
[239/284    0s] CopyFiles Library/PlayerScriptAssemblies/Unity.Services.Core.Telemetry.dll
[240/284    0s] CopyFiles Library/PlayerScriptAssemblies/Unity.Services.Core.Threading.pdb
[241/284    0s] CopyFiles Library/PlayerScriptAssemblies/Unity.Services.Core.Configuration.pdb
[251/284    0s] CopyFiles Library/PlayerScriptAssemblies/Module.Unity.Addressables.dll
[252/284    0s] CopyFiles Library/PlayerScriptAssemblies/Unity.VisualScripting.Flow.dll
[253/284    0s] CopyFiles Library/PlayerScriptAssemblies/Unity.Services.Core.Analytics.dll
[254/284    0s] CopyFiles Library/PlayerScriptAssemblies/Unity.Services.Core.Analytics.pdb
[255/284    0s] CopyFiles Library/PlayerScriptAssemblies/Unity.Services.Core.Internal.pdb
[256/284    0s] CopyFiles Library/PlayerScriptAssemblies/Unity.Services.Core.Internal.dll
[258/284    0s] CopyFiles Library/PlayerScriptAssemblies/Module.Unity.Addressables.pdb
[259/284    0s] CopyFiles Library/PlayerScriptAssemblies/Module.Unity.Utils.dll
[260/284    0s] CopyFiles Library/PlayerScriptAssemblies/Unity.Addressables.dll
[261/284    0s] CopyFiles Library/PlayerScriptAssemblies/Unity.Services.Core.Environments.Internal.pdb
[262/284    0s] CopyFiles Library/PlayerScriptAssemblies/Unity.VisualScripting.Flow.pdb
[263/284    0s] CopyFiles Library/PlayerScriptAssemblies/Module.Unity.Core.pdb
[264/284    0s] CopyFiles Library/PlayerScriptAssemblies/Unity.VisualScripting.Core.pdb
[265/284    0s] CopyFiles Library/PlayerScriptAssemblies/Unity.VisualScripting.Core.dll
[266/284    0s] CopyFiles Library/PlayerScriptAssemblies/Unity.ResourceManager.dll
[267/284    0s] CopyFiles Library/PlayerScriptAssemblies/Unity.Services.Core.Environments.Internal.dll
[270/284    0s] CopyFiles Library/PlayerScriptAssemblies/Module.Core.pdb
[271/284    0s] CopyFiles Library/PlayerScriptAssemblies/Module.Core.dll
[272/284    0s] CopyFiles Library/PlayerScriptAssemblies/Unity.TextMeshPro.dll
[273/284    0s] CopyFiles Library/PlayerScriptAssemblies/Module.Unity.Core.dll
[274/284    0s] CopyFiles Library/PlayerScriptAssemblies/Unity.ResourceManager.pdb
[275/284    0s] CopyFiles Library/PlayerScriptAssemblies/Unity.TextMeshPro.pdb
[276/284    0s] CopyFiles Library/PlayerScriptAssemblies/Unity.Services.Core.pdb
[277/284    0s] CopyFiles Library/PlayerScriptAssemblies/Unity.ScriptableBuildPipeline.pdb
[278/284    0s] CopyFiles Library/PlayerScriptAssemblies/UnityEngine.UI.pdb
[279/284    0s] CopyFiles Library/PlayerScriptAssemblies/UnityEngine.UI.dll
[280/284    0s] CopyFiles Library/PlayerScriptAssemblies/Unity.Timeline.pdb
[281/284    0s] CopyFiles Library/PlayerScriptAssemblies/UnityEngine.TestRunner.pdb
[282/284    0s] CopyFiles Library/PlayerScriptAssemblies/Unity.Timeline.dll
[283/284    0s] CopyFiles Library/PlayerScriptAssemblies/Unity.Services.Core.dll
*** Tundra build success (0.17 seconds), 56 items updated, 284 evaluated
BuildPlayerGenerator: Succeeded
Not rebuilding Data files -- no changes
Registering precompiled user dll's ...
Registered in 0.010711 seconds.
Asset Pipeline Refresh: Total: 0.170 seconds - Initiated by RefreshV2(NoUpdateAssetOptions)


Mono dependencies included in the build
Dependency assembly - netstandard.dll
Dependency assembly - System.Runtime.Serialization.dll
Dependency assembly - System.Xml.dll
Dependency assembly - protobuf-net.dll
Dependency assembly - Unity.Services.Core.Analytics.dll
Dependency assembly - Unity.Services.Core.Threading.dll
Dependency assembly - Unity.VisualScripting.State.dll
Dependency assembly - Unity.Services.Core.Environments.Internal.dll
Dependency assembly - System.Data.DataSetExtensions.dll
Dependency assembly - Unity.Services.Core.dll
Dependency assembly - System.ComponentModel.Composition.dll
Dependency assembly - Unity.Services.Core.Registration.dll
Dependency assembly - System.Data.dll
Dependency assembly - System.Core.dll
Dependency assembly - Unity.Services.Core.Telemetry.dll
Dependency assembly - Unity.ResourceManager.dll
Dependency assembly - Module.Unity.Utils.dll
Dependency assembly - Unity.Services.Core.Configuration.dll
Dependency assembly - Module.Core.dll
Dependency assembly - Unity.Services.Core.Device.dll
Dependency assembly - System.Xml.Linq.dll
Dependency assembly - Unity.Addressables.dll
Dependency assembly - Mono.Security.dll
Dependency assembly - System.Configuration.dll
Dependency assembly - Module.Unity.Addressables.dll
Dependency assembly - Unity.Services.Core.Internal.dll
Dependency assembly - System.Drawing.dll
Dependency assembly - Newtonsoft.Json.dll
Dependency assembly - System.IO.Compression.dll
Dependency assembly - Module.Unity.Core.dll
Dependency assembly - System.Numerics.dll
Dependency assembly - Module.Automation.dll
Dependency assembly - System.Transactions.dll
Dependency assembly - Unity.ScriptableBuildPipeline.dll
Dependency assembly - System.Net.Http.dll
Dependency assembly - Unity.Timeline.dll
Dependency assembly - System.IO.Compression.FileSystem.dll
Dependency assembly - System.ServiceModel.Internals.dll
Dependency assembly - Assembly-CSharp.dll
Dependency assembly - UnityEngine.UI.dll
Dependency assembly - mscorlib.dll
Dependency assembly - Unity.VisualScripting.Core.dll
Dependency assembly - Unity.VisualScripting.Antlr3.Runtime.dll
Dependency assembly - Unity.VisualScripting.Flow.dll
Dependency assembly - Unity.Services.Core.Scheduler.dll
Dependency assembly - System.dll
Dependency assembly - DataMgr.dll
Dependency assembly - Unity.Services.Core.Environments.dll
Dependency assembly - Unity.Services.Core.Networking.dll
Dependency assembly - System.EnterpriseServices.dll
Dependency assembly - System.Security.dll
Dependency assembly - Unity.TextMeshPro.dll

DisplayProgressbar: Incremental Player Build
Starting: C:\Program Files\Unity\Hub\Editor\2021.3.16f1\Editor\Data\bee_backend.exe --profile="Library/Bee/backend_profiler0.traceevents" --stdin-canary --dagfile="Library/Bee/Playerddcf7c16.dag" --continue-on-failure Player
WorkingDir: C:/Users/Oh/Desktop/Study/Unity/ProjectJ
ExitCode: 4 Duration: 0s59ms
Rebuilding DAG because FileSignature timestamp changed: Library/Bee/Playerddcf7c16-inputdata.json
*** Tundra requires additional run (0.02 seconds), 0 items updated, 0 evaluated
Starting: C:\Program Files\Unity\Hub\Editor\2021.3.16f1\Editor\Data\Tools\netcorerun\netcorerun.exe "C:\Program Files\Unity\Hub\Editor\2021.3.16f1\Editor\Data\PlaybackEngines\WindowsStandaloneSupport\WinPlayerBuildProgram.exe" "C:/Program Files/Unity/Hub/Editor/2021.3.16f1/Editor/Data/PlaybackEngines/WindowsStandaloneSupport/Bee;C:/Program Files/Unity/Hub/Editor/2021.3.16f1/Editor/Data/Tools/BuildPipeline" "Library/Bee/Playerddcf7c16.dag.json" "Library/Bee/Playerddcf7c16-inputdata.json" "Library/Bee/buildprogram0.traceevents"
WorkingDir: C:/Users/Oh/Desktop/Study/Unity/ProjectJ
ExitCode: 0 Duration: 0s450ms
Starting: C:\Program Files\Unity\Hub\Editor\2021.3.16f1\Editor\Data\bee_backend.exe --profile="Library/Bee/backend_profiler1.traceevents" --stdin-canary --dagfile="Library/Bee/Playerddcf7c16.dag" --continue-on-failure --dagfilejson="Library/Bee/Playerddcf7c16.dag.json" Player
WorkingDir: C:/Users/Oh/Desktop/Study/Unity/ProjectJ
ExitCode: 0 Duration: 0s289ms
Finished compiling graph: 281 nodes, 559 flattened edges (559 ToBuild, 0 ToUse), maximum node priority 5
[           0s] Delete 8 artifact files that are no longer in use. (like Builds\EXE\ProjectJ_Data\StreamingAssets\aa\StandaloneWindows\catalog_2023.01.24.17.30.08.json)
[258/280    0s] CopyFiles Builds/EXE/ProjectJ_Data/StreamingAssets/aa/StandaloneWindows/catalog_2023.01.24.17.33.33.json
[259/280    0s] CopyFiles Builds/EXE/ProjectJ_Data/StreamingAssets/aa/StandaloneWindows/catalog_2023.01.24.17.33.33.hash
[262/280    0s] CopyFiles Builds/EXE/ProjectJ_Data/StreamingAssets/aa/settings.json
[273/280    0s] CopyFiles Builds/EXE/ProjectJ_Data/boot.config
*** Tundra build success (0.25 seconds), 4 items updated, 280 evaluated
Refreshing native plugins compatible for Editor in 0.80 ms, found 3 plugins.
Preloading 0 native plugins for Editor in 0.00 ms.

-------------------------------------------------------------------------------
Build Report
Information on used Assets is not available, since player data was not rebuilt.
Do a clean build to view the Asset build report information.
-------------------------------------------------------------------------------
Unloading 2 Unused Serialized files (Serialized files now loaded: 0)
Unloading 46 unused Assets / (0.9 MB). Loaded Objects now: 4528.
Memory consumption went from 174.4 MB to 173.5 MB.
Total: 5.131800 ms (FindLiveObjects: 0.287700 ms CreateObjectMapping: 0.099100 ms MarkObjects: 4.335900 ms  DeleteObjects: 0.408600 ms)

DisplayProgressNotification: Build Successful
Build Finished, Result: Success.
Unloading 0 Unused Serialized files (Serialized files now loaded: 0)
Loaded scene 'Temp/__Backupscenes/0.backup'
	Deserialize:            0.930 ms
	Integration:            4.905 ms
	Integration of assets:  0.001 ms
	Thread Wait Time:       0.005 ms
	Total Operation Time:   5.841 ms
Unloading 0 unused Assets / (0 B). Loaded Objects now: 4528.
Memory consumption went from 173.5 MB to 173.5 MB.
Total: 3.991100 ms (FindLiveObjects: 0.306000 ms CreateObjectMapping: 0.104700 ms MarkObjects: 3.575300 ms  DeleteObjects: 0.004600 ms)

Build succeeded206200782bytes
UnityEngine.StackTraceUtility:ExtractStackTrace ()
UnityEngine.DebugLogHandler:LogFormat (UnityEngine.LogType,UnityEngine.Object,string,object[])
UnityEngine.Logger:Log (UnityEngine.LogType,object)
UnityEngine.Debug:Log (object)
BuildMgr:StartBuild (UnityEditor.BuildPlayerOptions) (at Assets/Module/Build/Editor/BuildMgr.cs:60)
BuildMgr:Build_EXE () (at Assets/Module/Build/Editor/BuildMgr.cs:50)

(Filename: Assets/Module/Build/Editor/BuildMgr.cs Line: 60)

Batchmode quit successfully invoked - shutting down!
Setting up 6 worker threads for Enlighten.
AcceleratorClientConnectionCallback - disconnected - :0
Cleanup mono
debugger-agent: Unable to listen on 4892
[Performance] WinEditorMain                                                                                              :        1 samples, Peak.  3.43 s (1.0x), Avg.  3.43 s, Total. 3.428 s (12.3%)
[Performance] WinEditorMain.ConfigureCrashHandler                                                                        :        1 samples, Peak.  16.1 us (1.0x), Avg.  16.1 us, Total. 16.10 us (0.0%)
[Performance] WinEditorMain.CurlRequestInitialize                                                                        :        1 samples, Peak.  2.73 ms (1.0x), Avg.  2.73 ms, Total. 2.726 ms (0.0%)
[Performance] WinEditorMain.SetupLogFile                                                                                 :        1 samples, Peak.   698 us (1.0x), Avg.   698 us, Total. 697.5 us (0.0%)
[Performance] WinEditorMain.RunNativeTestsIfRequiredAndExit                                                              :        1 samples, Peak.   200 ns (1.0x), Avg.   200 ns, Total. 200.0 ns (0.0%)
[Performance] WinEditorMain.Licensing                                                                                    :        1 samples, Peak.  3.41 s (1.0x), Avg.  3.41 s, Total. 3.409 s (12.2%)
[Performance] WinEditorMain.InitializeCrashHandler                                                                       :        1 samples, Peak.  12.2 ms (1.0x), Avg.  12.2 ms, Total. 12.17 ms (0.0%)
[Performance] WinEditorMain.CreateApplication                                                                            :        1 samples, Peak.   269 us (1.0x), Avg.   269 us, Total. 269.5 us (0.0%)
[Performance] Application.InitializeProject                                                                              :        1 samples, Peak.  7.40 s (1.0x), Avg.  7.40 s, Total. 7.397 s (26.5%)
[Performance] Application.PackageManager.StartServer                                                                     :        1 samples, Peak.  13.0 ms (1.0x), Avg.  13.0 ms, Total. 13.02 ms (0.0%)
[Performance] Application.AcquireProjectLock                                                                             :        1 samples, Peak.  12.3 ms (1.0x), Avg.  12.3 ms, Total. 12.27 ms (0.0%)
[Performance] Application.InitializeEngineNoGraphics                                                                     :        1 samples, Peak.  61.9 ms (1.0x), Avg.  61.9 ms, Total. 61.88 ms (0.2%)
[Performance] Application.PackageManager.Initialize                                                                      :        1 samples, Peak.   958 ms (1.0x), Avg.   958 ms, Total. 958.2 ms (3.4%)
[Performance] CurlRequestCheck                                                                                           :       18 samples, Peak.  34.3 us (5.0x), Avg.  6.89 us, Total. 124.1 us (0.0%)
[Performance] Application.EngineGraphics.Initialize                                                                      :        1 samples, Peak.   252 ms (1.0x), Avg.   252 ms, Total. 252.2 ms (0.9%)
[Performance] Application.GI.Initialize                                                                                  :        1 samples, Peak.  3.15 ms (1.0x), Avg.  3.15 ms, Total. 3.152 ms (0.0%)
[Performance] Application.LoadAllDefaultResourcesFromEditor                                                              :        1 samples, Peak.  1.44 ms (1.0x), Avg.  1.44 ms, Total. 1.443 ms (0.0%)
[Performance] Application.LoadMonoAssemblies                                                                             :        1 samples, Peak.   551 ms (1.0x), Avg.   551 ms, Total. 551.4 ms (2.0%)
[Performance] RestoreManagedReferences                                                                                   :        2 samples, Peak.  37.1 ms (2.0x), Avg.  18.6 ms, Total. 37.13 ms (0.1%)
[Performance] InitializeOnLoad LayerSettingsWindow                                                                       :        2 samples, Peak.   346 us (1.1x), Avg.   324 us, Total. 648.9 us (0.0%)
[Performance] InitializeOnLoad ParameterControllerEditor                                                                 :        2 samples, Peak.  19.2 us (1.0x), Avg.  18.7 us, Total. 37.40 us (0.0%)
[Performance] InitializeOnLoad ServicesRepository                                                                        :        2 samples, Peak.   436 us (1.0x), Avg.   427 us, Total. 853.2 us (0.0%)
[Performance] InitializeOnLoad AdsService                                                                                :        2 samples, Peak.  4.27 ms (1.7x), Avg.  2.45 ms, Total. 4.904 ms (0.0%)
[Performance] InitializeOnLoad AnalyticsService                                                                          :        2 samples, Peak.   112 us (1.0x), Avg.   111 us, Total. 221.3 us (0.0%)
[Performance] InitializeOnLoad BuildService                                                                              :        2 samples, Peak.   110 us (1.0x), Avg.   110 us, Total. 219.2 us (0.0%)
[Performance] InitializeOnLoad CloudBuildPoller                                                                          :        2 samples, Peak.  97.3 us (1.0x), Avg.  93.0 us, Total. 186.1 us (0.0%)
[Performance] InitializeOnLoad CollabService                                                                             :        2 samples, Peak.   118 us (1.0x), Avg.   114 us, Total. 228.1 us (0.0%)
[Performance] InitializeOnLoad CrashService                                                                              :        2 samples, Peak.   203 us (1.3x), Avg.   153 us, Total. 306.9 us (0.0%)
[Performance] InitializeOnLoad PurchasingService                                                                         :        2 samples, Peak.  4.46 ms (1.4x), Avg.  3.11 ms, Total. 6.229 ms (0.0%)
[Performance] InitializeOnLoad UDPService                                                                                :        2 samples, Peak.   126 us (1.0x), Avg.   125 us, Total. 250.9 us (0.0%)
[Performance] InitializeOnLoad UIDocumentHierarchyWatcher                                                                :        2 samples, Peak.   557 us (1.6x), Avg.   358 us, Total. 716.2 us (0.0%)
[Performance] InitializeOnLoad RetainedMode                                                                              :        2 samples, Peak.  1.44 ms (1.0x), Avg.  1.38 ms, Total. 2.765 ms (0.0%)
[Performance] InitializeOnLoad EditorMonitor                                                                             :        2 samples, Peak.   136 us (1.0x), Avg.   134 us, Total. 267.3 us (0.0%)
[Performance] InitializeOnLoad EditorShaderLoader                                                                        :        2 samples, Peak.   659 us (1.0x), Avg.   654 us, Total. 1.308 ms (0.0%)
[Performance] InitializeOnLoad UXMLEditorFactories                                                                       :        2 samples, Peak.  51.7 ms (1.0x), Avg.  49.3 ms, Total. 98.69 ms (0.4%)
[Performance] InitializeOnLoad SearchMonitor                                                                             :        2 samples, Peak.  7.40 ms (1.3x), Avg.  5.62 ms, Total. 11.24 ms (0.0%)
[Performance] InitializeOnLoad PlayModeDownload                                                                          :        2 samples, Peak.   587 us (1.7x), Avg.   346 us, Total. 692.4 us (0.0%)
[Performance] InitializeOnLoad SearchWindow                                                                              :        2 samples, Peak.   125 us (1.1x), Avg.   116 us, Total. 232.1 us (0.0%)
[Performance] InitializeOnLoad EditMode                                                                                  :        2 samples, Peak.   431 us (1.2x), Avg.   348 us, Total. 695.6 us (0.0%)
[Performance] InitializeOnLoad AssetStoreContext                                                                         :        2 samples, Peak.  4.27 ms (1.5x), Avg.  2.88 ms, Total. 5.760 ms (0.0%)
[Performance] InitializeOnLoad DrivenRectTransformUndo                                                                   :        2 samples, Peak.   169 us (1.0x), Avg.   167 us, Total. 334.7 us (0.0%)
[Performance] InitializeOnLoad CacheServerWindow                                                                         :        2 samples, Peak.  10.2 us (1.1x), Avg.  9.10 us, Total. 18.20 us (0.0%)
[Performance] InitializeOnLoad ManagedDebuggerWindow                                                                     :        2 samples, Peak.   575 us (1.0x), Avg.   551 us, Total. 1.103 ms (0.0%)
[Performance] InitializeOnLoad WindowLayout                                                                              :        2 samples, Peak.   499 us (1.4x), Avg.   347 us, Total. 694.8 us (0.0%)
[Performance] InitializeOnLoad PrefabInstanceChangedListener                                                             :        2 samples, Peak.   139 us (1.6x), Avg.  88.0 us, Total. 176.0 us (0.0%)
[Performance] InitializeOnLoad SettingsService                                                                           :        2 samples, Peak.  6.60 us (1.1x), Avg.  5.85 us, Total. 11.70 us (0.0%)
[Performance] InitializeOnLoad NativeFormatImporterUtility                                                               :        2 samples, Peak.  1.64 ms (1.1x), Avg.  1.53 ms, Total. 3.055 ms (0.0%)
[Performance] InitializeOnLoad UISystemProfilerRenderService                                                             :        2 samples, Peak.  7.70 us (1.1x), Avg.  6.90 us, Total. 13.80 us (0.0%)
[Performance] InitializeOnLoad ShortcutIntegration                                                                       :        2 samples, Peak.  64.3 us (1.0x), Avg.  62.3 us, Total. 124.5 us (0.0%)
[Performance] InitializeOnLoad UnityConnect                                                                              :        2 samples, Peak.  50.3 us (2.0x), Avg.  25.5 us, Total. 51.00 us (0.0%)
[Performance] InitializeOnLoad ObjectSelectorSearch                                                                      :        2 samples, Peak.  42.6 us (1.1x), Avg.  40.3 us, Total. 80.70 us (0.0%)
[Performance] InitializeOnLoad ProjectSearch                                                                             :        2 samples, Peak.  34.5 us (1.0x), Avg.  34.0 us, Total. 68.00 us (0.0%)
[Performance] InitializeOnLoad SceneSearch                                                                               :        2 samples, Peak.  34.1 us (1.1x), Avg.  31.9 us, Total. 63.90 us (0.0%)
[Performance] InitializeOnLoad SearchService                                                                             :        2 samples, Peak.  89.1 us (1.0x), Avg.  87.2 us, Total. 174.3 us (0.0%)
[Performance] InitializeOnLoad AddComponentWindow                                                                        :        2 samples, Peak.  93.2 us (1.0x), Avg.  89.4 us, Total. 178.7 us (0.0%)
[Performance] InitializeOnLoad Collab                                                                                    :        2 samples, Peak.  4.07 ms (2.0x), Avg.  2.04 ms, Total. 4.071 ms (0.0%)
[Performance] InitializeOnLoad CloudBuild                                                                                :        2 samples, Peak.  5.40 us (1.4x), Avg.  3.85 us, Total. 7.700 us (0.0%)
[Performance] InitializeOnLoad MixerEffectDefinitionReloader                                                             :        2 samples, Peak.  1.95 ms (1.2x), Avg.  1.60 ms, Total. 3.203 ms (0.0%)
[Performance] InitializeOnLoad MenuItems                                                                                 :        2 samples, Peak.   110 us (1.1x), Avg.  96.2 us, Total. 192.3 us (0.0%)
[Performance] InitializeOnLoad ManagedDebugger                                                                           :        2 samples, Peak.  1.30 us (1.2x), Avg.  1.05 us, Total. 2.100 us (0.0%)
[Performance] InitializeOnLoad EditorDragAndDrop.RegisterEditorClient                                                    :        2 samples, Peak.   837 us (1.6x), Avg.   522 us, Total. 1.043 ms (0.0%)
[Performance] InitializeOnLoad EditorDelegateRegistration.Initialize                                                     :        2 samples, Peak.   349 us (1.0x), Avg.   338 us, Total. 675.7 us (0.0%)
[Performance] InitializeOnLoad LiveReloadTrackerCreator.Initialize                                                       :        2 samples, Peak.   157 us (1.0x), Avg.   153 us, Total. 305.6 us (0.0%)
[Performance] InitializeOnLoad PackageManagerHookGUIDConverter.RegisterPackagesEventHandler                              :        2 samples, Peak.   114 us (1.4x), Avg.  79.5 us, Total. 158.9 us (0.0%)
[Performance] InitializeOnLoad RuntimeEditorDelegateRegistration.Initialize                                              :        2 samples, Peak.   166 us (1.0x), Avg.   163 us, Total. 325.7 us (0.0%)
[Performance] InitializeOnLoad EditorEventCallbacks.InitializeFontAssetResourceChangeCallBacks                           :        2 samples, Peak.   822 us (1.1x), Avg.   764 us, Total. 1.529 ms (0.0%)
[Performance] InitializeOnLoad SceneTemplateService.Init                                                                 :        2 samples, Peak.   439 us (1.4x), Avg.   311 us, Total. 622.2 us (0.0%)
[Performance] InitializeOnLoad EntitlementsErrorChecker.OpenFirstEntitlementError                                        :        2 samples, Peak.  21.1 ms (1.5x), Avg.  13.6 ms, Total. 27.23 ms (0.1%)
[Performance] InitializeOnLoad ScopedRegistryAddedPopup.SubscribeToRegistriesAdded                                       :        2 samples, Peak.   111 us (1.1x), Avg.  97.4 us, Total. 194.9 us (0.0%)
[Performance] InitializeOnLoad DiagnosticSwitchesConsoleMessage.Init                                                     :        2 samples, Peak.  14.9 ms (1.9x), Avg.  7.94 ms, Total. 15.88 ms (0.1%)
[Performance] InitializeOnLoad SysrootManager.Initialize                                                                 :        2 samples, Peak.   377 us (1.1x), Avg.   352 us, Total. 703.6 us (0.0%)
[Performance] InitializeOnLoad AssetPostprocessingInternal.RefreshCustomDependencies                                     :        2 samples, Peak.  1.96 ms (1.4x), Avg.  1.42 ms, Total. 2.834 ms (0.0%)
[Performance] InitializeOnLoad EditorWindow.Initialize                                                                   :        2 samples, Peak.   181 us (1.0x), Avg.   175 us, Total. 350.0 us (0.0%)
[Performance] InitializeOnLoad SceneVisibilityManager.Initialize                                                         :        2 samples, Peak.  4.10 ms (1.7x), Avg.  2.39 ms, Total. 4.789 ms (0.0%)
[Performance] InitializeOnLoad MemoryProfilerCompilationGuard.InjectCompileGuard                                         :        2 samples, Peak.   141 us (1.0x), Avg.   136 us, Total. 271.1 us (0.0%)
[Performance] ProcessService.EditorAfterLoadAllAssemblies                                                                :        2 samples, Peak.   297 us (1.1x), Avg.   259 us, Total. 518.8 us (0.0%)
[Performance] Application.ReadLicenseInfo                                                                                :        1 samples, Peak.  13.9 ms (1.0x), Avg.  13.9 ms, Total. 13.94 ms (0.0%)
[Performance] Application.InitialRefresh                                                                                 :        1 samples, Peak.  4.47 s (1.0x), Avg.  4.47 s, Total. 4.473 s (16.0%)
[Performance] Compiling Scripts                                                                                          :        1 samples, Peak.   559 ms (1.0x), Avg.   559 ms, Total. 558.9 ms (2.0%)
[Performance] InitializeOnLoad CoverageReporterStarter                                                                   :        1 samples, Peak.  7.70 ms (1.0x), Avg.  7.70 ms, Total. 7.704 ms (0.0%)
[Performance] InitializeOnLoad AddressableEditorInitialization                                                           :        1 samples, Peak.   102 ms (1.0x), Avg.   102 ms, Total. 102.3 ms (0.4%)
[Performance] InitializeOnLoad AddressableAssetInspectorGUI                                                              :        1 samples, Peak.   300 us (1.0x), Avg.   300 us, Total. 299.7 us (0.0%)
[Performance] InitializeOnLoad RegisterCheckBundleDupeDependencies                                                       :        1 samples, Peak.  1.17 ms (1.0x), Avg.  1.17 ms, Total. 1.174 ms (0.0%)
[Performance] InitializeOnLoad RegisterCheckResourcesDupeDependencies                                                    :        1 samples, Peak.  87.8 us (1.0x), Avg.  87.8 us, Total. 87.80 us (0.0%)
[Performance] InitializeOnLoad RegisterCheckSceneDupeDependencies                                                        :        1 samples, Peak.  78.6 us (1.0x), Avg.  78.6 us, Total. 78.60 us (0.0%)
[Performance] InitializeOnLoad GlobalInitialization                                                                      :        1 samples, Peak.   249 us (1.0x), Avg.   249 us, Total. 249.4 us (0.0%)
[Performance] InitializeOnLoad RegisterBuildBundleLayout                                                                 :        1 samples, Peak.  82.7 us (1.0x), Avg.  82.7 us, Total. 82.70 us (0.0%)
[Performance] InitializeOnLoad Bootstrap                                                                                 :        1 samples, Peak.  32.8 ms (1.0x), Avg.  32.8 ms, Total. 32.75 ms (0.1%)
[Performance] InitializeOnLoad EditorGameServiceAnalyticsRegistrant                                                      :        1 samples, Peak.  6.83 ms (1.0x), Avg.  6.83 ms, Total. 6.832 ms (0.0%)
[Performance] InitializeOnLoad PlasticPlugin                                                                             :        1 samples, Peak.  2.00 us (1.0x), Avg.  2.00 us, Total. 2.000 us (0.0%)
[Performance] InitializeOnLoad RiderScriptEditor                                                                         :        1 samples, Peak.  8.57 ms (1.0x), Avg.  8.57 ms, Total. 8.572 ms (0.0%)
[Performance] InitializeOnLoad CallbackInitializer                                                                       :        1 samples, Peak.  1.74 ms (1.0x), Avg.  1.74 ms, Total. 1.743 ms (0.0%)
[Performance] InitializeOnLoad PrefabLayoutRebuilder                                                                     :        1 samples, Peak.   217 us (1.0x), Avg.   217 us, Total. 217.3 us (0.0%)
[Performance] InitializeOnLoad SpriteEditorWindow                                                                        :        1 samples, Peak.   329 us (1.0x), Avg.   329 us, Total. 328.8 us (0.0%)
[Performance] InitializeOnLoad RerunCallbackInitializer                                                                  :        1 samples, Peak.  2.10 ms (1.0x), Avg.  2.10 ms, Total. 2.104 ms (0.0%)
[Performance] InitializeOnLoad UnityTestProtocolStarter                                                                  :        1 samples, Peak.   115 us (1.0x), Avg.   115 us, Total. 115.3 us (0.0%)
[Performance] InitializeOnLoad TestStarter                                                                               :        1 samples, Peak.   590 us (1.0x), Avg.   590 us, Total. 590.4 us (0.0%)
[Performance] InitializeOnLoad BackgroundWatcher                                                                         :        1 samples, Peak.  96.0 us (1.0x), Avg.  96.0 us, Total. 96.00 us (0.0%)
[Performance] InitializeOnLoad VSUsageUtility                                                                            :        1 samples, Peak.  32.1 ms (1.0x), Avg.  32.1 ms, Total. 32.10 ms (0.1%)
[Performance] InitializeOnLoad VisualStudioEditor                                                                        :        1 samples, Peak.  7.90 ms (1.0x), Avg.  7.90 ms, Total. 7.896 ms (0.0%)
[Performance] InitializeOnLoad VisualStudioIntegration                                                                   :        1 samples, Peak.  3.96 ms (1.0x), Avg.  3.96 ms, Total. 3.961 ms (0.0%)
[Performance] InitializeOnLoad TestRunnerApiListener                                                                     :        1 samples, Peak.   402 us (1.0x), Avg.   402 us, Total. 401.8 us (0.0%)
[Performance] InitializeOnLoad VSCodeScriptEditor                                                                        :        1 samples, Peak.  3.34 ms (1.0x), Avg.  3.34 ms, Total. 3.339 ms (0.0%)
[Performance] InitializeOnLoad AddressablesPlayerBuildProcessor.CleanTemporaryPlayerBuildData                            :        1 samples, Peak.  23.2 ms (1.0x), Avg.  23.2 ms, Total. 23.16 ms (0.1%)
[Performance] AssetDatabase.DeleteAssets                                                                                 :        1 samples, Peak.  21.0 ms (1.0x), Avg.  21.0 ms, Total. 21.03 ms (0.1%)
[Performance] BuilderAssetModificationProcessor.OnWillDeleteAsset                                                        :        1 samples, Peak.   895 us (1.0x), Avg.   895 us, Total. 894.6 us (0.0%)
[Performance] TMP_FontAssetPostProcessor.OnWillDeleteAsset                                                               :        1 samples, Peak.   297 us (1.0x), Avg.   297 us, Total. 297.3 us (0.0%)
[Performance] CancelSplashScreenOnAssetDelete.OnWillDeleteAsset                                                          :        1 samples, Peak.   202 us (1.0x), Avg.   202 us, Total. 202.1 us (0.0%)
[Performance] VersionControl.Task.Wait                                                                                   :        1 samples, Peak.  13.0 us (1.0x), Avg.  13.0 us, Total. 13.00 us (0.0%)
[Performance] InitializeOnLoad AddressablesBuildScriptHooks.Init                                                         :        1 samples, Peak.  71.3 us (1.0x), Avg.  71.3 us, Total. 71.30 us (0.0%)
[Performance] InitializeOnLoad AddressableAssetSettings.RegisterWithAssetPostProcessor                                   :        1 samples, Peak.  1.11 ms (1.0x), Avg.  1.11 ms, Total. 1.111 ms (0.0%)
[Performance] InitializeOnLoad EditorGameServiceRegistry.RegisterAllServices                                             :        1 samples, Peak.  3.94 ms (1.0x), Avg.  3.94 ms, Total. 3.939 ms (0.0%)
[Performance] InitializeOnLoad ServiceInstallationListener.RegisterToEvents                                              :        1 samples, Peak.   168 us (1.0x), Avg.   168 us, Total. 168.0 us (0.0%)
[Performance] InitializeOnLoad TestJobDataHolder.ResumeRunningJobs                                                       :        1 samples, Peak.   969 us (1.0x), Avg.   969 us, Total. 968.8 us (0.0%)
[Performance] InitializeOnLoad AnalyticsReporter.RegisterCallbacks                                                       :        1 samples, Peak.   245 us (1.0x), Avg.   245 us, Total. 244.8 us (0.0%)
[Performance] InitializeOnLoad Addressables.RegisterPlayModeStateChange                                                  :        1 samples, Peak.  57.0 us (1.0x), Avg.  57.0 us, Total. 57.00 us (0.0%)
[Performance] InitializeOnLoad AssetReference.RegisterForPlaymodeChange                                                  :        1 samples, Peak.   496 us (1.0x), Avg.   496 us, Total. 495.8 us (0.0%)
[Performance] DidReloadScriptsTestListCache.ScriptReloaded                                                               :        1 samples, Peak.  1.23 ms (1.0x), Avg.  1.23 ms, Total. 1.231 ms (0.0%)
[Performance] DidReloadScriptsTestRunnerWindow.CompilationCallback                                                       :        1 samples, Peak.   157 us (1.0x), Avg.   157 us, Total. 156.5 us (0.0%)
[Performance] DidReloadScriptsAdvancedDropdownWindow.OnScriptReload                                                      :        1 samples, Peak.   172 us (1.0x), Avg.   172 us, Total. 171.6 us (0.0%)
[Performance] ShaderImporter.SourceAssetModified                                                                         :        6 samples, Peak.  1.60 us (1.5x), Avg.  1.03 us, Total. 6.200 us (0.0%)
[Performance] ShaderIncludeImporter.SourceAssetModified                                                                  :        6 samples, Peak.  1.40 us (1.2x), Avg.  1.15 us, Total. 6.900 us (0.0%)
[Performance] AssetDatabase.ImportAssets                                                                                 :       10 samples, Peak.  2.70 us (3.6x), Avg.   750 ns, Total. 7.500 us (0.0%)
[Performance] TMPro_TexturePostProcessor.OnPostprocessAllAssets                                                          :        8 samples, Peak.   409 us (3.6x), Avg.   114 us, Total. 912.0 us (0.0%)
[Performance] AssetPostprocessor.OnPostprocessAllAssets                                                                  :        8 samples, Peak.   211 us (3.8x), Avg.  55.1 us, Total. 440.6 us (0.0%)
[Performance] BuilderAssetPostprocessor.OnPostprocessAllAssets                                                           :        8 samples, Peak.  1.19 ms (2.7x), Avg.   439 us, Total. 3.510 ms (0.0%)
[Performance] AddressablesAssetPostProcessor.OnPostprocessAllAssets                                                      :        8 samples, Peak.  4.37 ms (3.9x), Avg.  1.12 ms, Total. 8.972 ms (0.0%)
[Performance] ArtifactBrowserPostProcessor.OnPostprocessAllAssets                                                        :        8 samples, Peak.   396 us (3.9x), Avg.   102 us, Total. 813.7 us (0.0%)
[Performance] AssetEvents.OnPostprocessAllAssets                                                                         :       16 samples, Peak.   240 us (5.7x), Avg.  42.4 us, Total. 678.5 us (0.0%)
[Performance] AudioMixerPostprocessor.OnPostprocessAllAssets                                                             :        8 samples, Peak.   370 us (3.9x), Avg.  94.3 us, Total. 754.5 us (0.0%)
[Performance] StyleCatalogPostProcessor.OnPostprocessAllAssets                                                           :        8 samples, Peak.  22.0 ms (4.0x), Avg.  5.52 ms, Total. 44.15 ms (0.2%)
[Performance] BuildCatalog                                                                                               :        1 samples, Peak.  21.0 ms (1.0x), Avg.  21.0 ms, Total. 21.03 ms (0.1%)
[Performance] ModelImporterPostProcessor.OnPostprocessAllAssets                                                          :        8 samples, Peak.  1.04 ms (2.6x), Avg.   408 us, Total. 3.263 ms (0.0%)
[Performance] RetainedModeAssetPostprocessor.OnPostprocessAllAssets                                                      :        8 samples, Peak.  1.49 ms (3.7x), Avg.   403 us, Total. 3.223 ms (0.0%)
[Performance] AssetChangedListener.OnPostprocessAllAssets                                                                :        8 samples, Peak.  4.15 ms (3.5x), Avg.  1.18 ms, Total. 9.446 ms (0.0%)
[Performance] SpeedTreePostProcessor.OnPostprocessAllAssets                                                              :        8 samples, Peak.   131 us (2.6x), Avg.  50.8 us, Total. 406.4 us (0.0%)
[Performance] TextAssetPostProcessor.OnPostprocessAllAssets                                                              :        8 samples, Peak.   210 us (3.4x), Avg.  61.3 us, Total. 490.2 us (0.0%)
[Performance] SpriteEditorTexturePostprocessor.OnPostprocessAllAssets                                                    :        8 samples, Peak.   309 us (3.0x), Avg.   101 us, Total. 811.5 us (0.0%)
[Performance] UIDocumentAssetPostProcessor.OnPostprocessAllAssets                                                        :        8 samples, Peak.   775 us (3.7x), Avg.   210 us, Total. 1.680 ms (0.0%)
[Performance] SyncVS.PostprocessSyncProject                                                                              :        4 samples, Peak.   205 ms (2.5x), Avg.  80.9 ms, Total. 323.4 ms (1.2%)
[Performance] EditorApplication.projectChanged: UnityEditor.Audio.MixerEffectDefinitionReloader.OnProjectChanged         :        2 samples, Peak.   635 us (1.3x), Avg.   478 us, Total. 955.5 us (0.0%)
[Performance] Application.ImportPackagesAndSetTemplateWhenCreatingProject                                                :        1 samples, Peak.  10.0 ms (1.0x), Avg.  10.0 ms, Total. 10.02 ms (0.0%)
[Performance] Application.SyncCurrentColorSpace                                                                          :        1 samples, Peak.   181 ms (1.0x), Avg.   181 ms, Total. 181.0 ms (0.6%)
[Performance] Application.OnUsbDevicesChanged                                                                            :        1 samples, Peak.  13.1 ms (1.0x), Avg.  13.1 ms, Total. 13.15 ms (0.0%)
[Performance] Application.AssetInstanceCacheUpdate                                                                       :        1 samples, Peak.   200 ns (1.0x), Avg.   200 ns, Total. 200.0 ns (0.0%)
[Performance] Application.UnityExtensions.Initialize                                                                     :        1 samples, Peak.  1.20 ms (1.0x), Avg.  1.20 ms, Total. 1.197 ms (0.0%)
[Performance] Application.InitializeManagedCompilationPipeline                                                           :        1 samples, Peak.   338 ms (1.0x), Avg.   338 ms, Total. 338.4 ms (1.2%)
[Performance] Application.ExecuteStartups                                                                                :        1 samples, Peak.   128 ms (1.0x), Avg.   128 ms, Total. 128.5 ms (0.5%)
[Performance] Menu.RegisterMenuInterface                                                                                 :       26 samples, Peak.  2.00 us (9.5x), Avg.   212 ns, Total. 5.500 us (0.0%)
[Performance] Gizmo.RebuildRenderers                                                                                     :        2 samples, Peak.   127 ms (1.9x), Avg.  65.6 ms, Total. 131.2 ms (0.5%)
[Performance] Gizmo.AddGizmoRenderers                                                                                    :      180 samples, Peak.  1.07 ms (82.5x), Avg.  13.0 us, Total. 2.331 ms (0.0%)
[Performance] Application.editorInitializingProject                                                                      :        1 samples, Peak.  27.4 us (1.0x), Avg.  27.4 us, Total. 27.40 us (0.0%)
[Performance] Application.InitializeMenu                                                                                 :        1 samples, Peak.   989 ms (1.0x), Avg.   989 ms, Total. 989.3 ms (3.5%)
[Performance] Menu.RebuildAll                                                                                            :        1 samples, Peak.   989 ms (1.0x), Avg.   989 ms, Total. 989.3 ms (3.5%)
[Performance] Menu.BuildRegisteredMenuInterfaces                                                                         :        1 samples, Peak.   978 ms (1.0x), Avg.   978 ms, Total. 978.3 ms (3.5%)
[Performance] Menu.FilterMenuItem                                                                                        :     1835 samples, Peak.  53.8 ms (1791.7x), Avg.  30.0 us, Total. 55.09 ms (0.2%)
[Performance] UpdateAllMenus                                                                                             :        1 samples, Peak.   436 us (1.0x), Avg.   436 us, Total. 436.5 us (0.0%)
[Performance] Menu.RebuildOSMainMenu                                                                                     :        3 samples, Peak.  10.4 ms (1.7x), Avg.  6.30 ms, Total. 18.91 ms (0.1%)
[Performance] EditorSceneManager.sceneClosing: UnityEditor.SceneVisibilityManager.EditorSceneManagerOnSceneClosing       :        4 samples, Peak.   278 us (3.8x), Avg.  74.0 us, Total. 295.9 us (0.0%)
[Performance] EditorSceneManager.activeSceneChangedInEditMode: callback in UnityEditor.Search.SearchMonitor              :        4 samples, Peak.  71.1 us (3.8x), Avg.  18.6 us, Total. 74.30 us (0.0%)
[Performance] GUIView.RepaintAll.PlayerLoopController                                                                    :        4 samples, Peak.  3.00 us (2.1x), Avg.  1.40 us, Total. 5.600 us (0.0%)
[Performance] EditorSceneManager.newSceneCreated: UnityEditor.SceneVisibilityManager.EditorSceneManagerOnNewSceneCreated :        3 samples, Peak.   467 us (2.8x), Avg.   169 us, Total. 507.0 us (0.0%)
[Performance] EditorSceneManager.newSceneCreated: UnityEditor.SceneManagement.StageNavigationManager.OnNewSceneCreated   :        3 samples, Peak.  77.5 us (2.9x), Avg.  27.0 us, Total. 81.00 us (0.0%)
[Performance] Application.InvokeFinishedLoadingProject                                                                   :        1 samples, Peak.   111 ms (1.0x), Avg.   111 ms, Total. 111.4 ms (0.4%)
[Performance] ProcessService.OnProjectLoaded                                                                             :        1 samples, Peak.  69.0 us (1.0x), Avg.  69.0 us, Total. 69.00 us (0.0%)
[Performance] AssetDatabase.Refresh                                                                                      :        4 samples, Peak.   224 ms (1.3x), Avg.   166 ms, Total. 665.3 ms (2.4%)
[Performance] AssetModificationProcessor.OnWillSaveAssets                                                                :        5 samples, Peak.   541 us (4.7x), Avg.   115 us, Total. 577.1 us (0.0%)
[Performance] StateMacroSavedEvent.OnWillSaveAssets                                                                      :        5 samples, Peak.   248 us (4.6x), Avg.  53.9 us, Total. 269.6 us (0.0%)
[Performance] FlowMacroSavedEvent.OnWillSaveAssets                                                                       :        5 samples, Peak.   247 us (4.8x), Avg.  51.8 us, Total. 258.9 us (0.0%)
[Performance] BuilderAssetModificationProcessor.OnWillSaveAssets                                                         :        5 samples, Peak.   858 us (4.1x), Avg.   209 us, Total. 1.044 ms (0.0%)
[Performance] TerrainModificationProcessor.OnWillSaveAssets                                                              :        5 samples, Peak.   743 us (4.9x), Avg.   151 us, Total. 755.1 us (0.0%)
[Performance] GenerateAssemblyTypeInfos                                                                                  :        6 samples, Peak.  1.32 s (1.3x), Avg.  1.01 s, Total. 6.059 s (21.7%)
[Performance] PresetManagerPostProcessor.OnPreprocessAsset                                                               :        3 samples, Peak.   230 us (1.5x), Avg.   157 us, Total. 470.6 us (0.0%)
[Performance] CancelSplashScreenOnAssetChange.OnPreprocessAsset                                                          :        3 samples, Peak.  37.1 us (2.5x), Avg.  14.8 us, Total. 44.50 us (0.0%)
[Performance] AssetDatabase.ImportAsset                                                                                  :        1 samples, Peak.   184 ms (1.0x), Avg.   184 ms, Total. 183.7 ms (0.7%)
[Performance] BuilderAssetModificationProcessor.OnWillCreateAsset                                                        :        1 samples, Peak.   426 us (1.0x), Avg.   426 us, Total. 426.3 us (0.0%)
[Performance] Inspector.InitOrRebuild                                                                                    :        2 samples, Peak.   311 us (1.3x), Avg.   237 us, Total. 473.5 us (0.0%)
[Performance] EditorApplication.quitting: UnityEditor.SettingsManagement.PackageSettingsRepository.Save                  :        1 samples, Peak.  1.41 ms (1.0x), Avg.  1.41 ms, Total. 1.405 ms (0.0%)
[Performance] EditorApplication.quitting: UnityEditor.Search.SearchMonitor.OnQuitting                                    :        1 samples, Peak.   960 us (1.0x), Avg.   960 us, Total. 960.0 us (0.0%)
[Performance] EditorApplication.quitting: callback in UnityEditor.TextCore.Text.EditorEventCallbacks                     :        1 samples, Peak.  21.1 ms (1.0x), Avg.  21.1 ms, Total. 21.06 ms (0.1%)
[Performance] EditorApplication.quitting: ThreadingManager.WaitForOutstandingTasks                                       :        1 samples, Peak.  16.8 us (1.0x), Avg.  16.8 us, Total. 16.80 us (0.0%)
[Performance] Application.Shutdown.PauseProfilerSession                                                                  :        1 samples, Peak.  35.0 us (1.0x), Avg.  35.0 us, Total. 35.00 us (0.0%)
[Performance] Application.Shutdown.PauseAssetImportWorkers                                                               :        1 samples, Peak.   168 us (1.0x), Avg.   168 us, Total. 168.2 us (0.0%)
[Performance] Application.Shutdown.SaveAssets                                                                            :        1 samples, Peak.  19.8 ms (1.0x), Avg.  19.8 ms, Total. 19.79 ms (0.1%)
[Performance] Application.Shutdown.CleanupRenderPipeline                                                                 :        1 samples, Peak.  6.10 us (1.0x), Avg.  6.10 us, Total. 6.100 us (0.0%)
[Performance] Application.Shutdown.StopPreloadManager                                                                    :        1 samples, Peak.  10.5 ms (1.0x), Avg.  10.5 ms, Total. 10.50 ms (0.0%)
[Performance] Application.Shutdown.DestroyWorld                                                                          :        1 samples, Peak.   724 us (1.0x), Avg.   724 us, Total. 724.3 us (0.0%)
[Performance] Application.Shutdown.CleanupAfterLoad                                                                      :        1 samples, Peak.  3.92 ms (1.0x), Avg.  3.92 ms, Total. 3.924 ms (0.0%)
[Performance] Application.Shutdown.Progress                                                                              :        1 samples, Peak.  9.20 us (1.0x), Avg.  9.20 us, Total. 9.200 us (0.0%)
[Performance] Application.Shutdown.GICleanupManagers                                                                     :        1 samples, Peak.   818 us (1.0x), Avg.   818 us, Total. 818.1 us (0.0%)
[Performance] Application.Shutdown.MenuCleanupClass                                                                      :        1 samples, Peak.   234 us (1.0x), Avg.   234 us, Total. 234.2 us (0.0%)
[Performance] Application.Shutdown.ADBSaveStateBeforeShutdown                                                            :        1 samples, Peak.  7.50 us (1.0x), Avg.  7.50 us, Total. 7.500 us (0.0%)
[Performance] Application.Shutdown.RemoteShutdown                                                                        :        1 samples, Peak.  1.20 us (1.0x), Avg.  1.20 us, Total. 1.200 us (0.0%)
[Performance] Application.Shutdown.CleanupVCProvider                                                                     :        1 samples, Peak.  12.7 us (1.0x), Avg.  12.7 us, Total. 12.70 us (0.0%)
[Performance] Application.Shutdown.InputShutdown                                                                         :        1 samples, Peak.  2.60 us (1.0x), Avg.  2.60 us, Total. 2.600 us (0.0%)
[Performance] Application.Shutdown.GizmoManagerDestroy                                                                   :        1 samples, Peak.   968 us (1.0x), Avg.   968 us, Total. 967.9 us (0.0%)
[Performance] Application.Shutdown.ProfilerSession                                                                       :        1 samples, Peak.   182 us (1.0x), Avg.   182 us, Total. 181.8 us (0.0%)
[Performance] Application.Shutdown.ReleaseGfxWindowOnAllGUIViews                                                         :        1 samples, Peak.   400 ns (1.0x), Avg.   400 ns, Total. 400.0 ns (0.0%)
[Performance] Application.Shutdown.CleanupEngine                                                                         :        1 samples, Peak.  88.3 ms (1.0x), Avg.  88.3 ms, Total. 88.28 ms (0.3%)
[Performance] Application.Shutdown.CleanupAssetDatabase                                                                  :        1 samples, Peak.  9.08 ms (1.0x), Avg.  9.08 ms, Total. 9.081 ms (0.0%)
[Performance] Application.Shutdown.ScriptCompilationCleanUp                                                              :        1 samples, Peak.  35.5 us (1.0x), Avg.  35.5 us, Total. 35.50 us (0.0%)
[Performance] Application.Shutdown.DestroyJobSystem                                                                      :        1 samples, Peak.   123 us (1.0x), Avg.   123 us, Total. 122.9 us (0.0%)
[Performance] Application.Shutdown.CleanupPersistentManager                                                              :        1 samples, Peak.  4.60 ms (1.0x), Avg.  4.60 ms, Total. 4.598 ms (0.0%)
[Performance] Application.Shutdown.CleanupAsyncReadManager                                                               :        1 samples, Peak.   376 us (1.0x), Avg.   376 us, Total. 375.5 us (0.0%)
[Performance] Application.Shutdown.CleanupProgressBar                                                                    :        1 samples, Peak.   400 ns (1.0x), Avg.   400 ns, Total. 400.0 ns (0.0%)
[Performance] Application.Shutdown.CleanupMono                                                                           :        1 samples, Peak.  70.1 ms (1.0x), Avg.  70.1 ms, Total. 70.08 ms (0.3%)
[Performance] Application.Shutdown.CleanupStdConverters                                                                  :        1 samples, Peak.  9.30 us (1.0x), Avg.  9.30 us, Total. 9.300 us (0.0%)
[Performance] Application.Shutdown.UnloadAllPlatformSupportModuleNativeDlls                                              :        1 samples, Peak.   400 ns (1.0x), Avg.   400 ns, Total. 400.0 ns (0.0%)
[Performance] Application.Shutdown.UnloadAllPlatformSupportNativeLibraries                                               :        1 samples, Peak. 100.0 ns (1.0x), Avg. 100.0 ns, Total. 100.00 ns (0.0%)
[Performance] Application.Shutdown.CleanupAutoDocumentation                                                              :        1 samples, Peak.   308 us (1.0x), Avg.   308 us, Total. 307.8 us (0.0%)
[Performance] Application.Shutdown.ShaderNameManagerDestroy                                                              :        1 samples, Peak.  41.9 us (1.0x), Avg.  41.9 us, Total. 41.90 us (0.0%)
[Performance] Application.Shutdown.CleanupCacheServer                                                                    :        1 samples, Peak.   100 ns (1.0x), Avg.   100 ns, Total. 100.0 ns (0.0%)
[Performance] Application.Shutdown.Virtualization_Shutdown                                                               :        1 samples, Peak.   300 ns (1.0x), Avg.   300 ns, Total. 300.0 ns (0.0%)
[Performance] Application.Shutdown.DevConnections                                                                        :        1 samples, Peak.   150 us (1.0x), Avg.   150 us, Total. 150.1 us (0.0%)
Exiting batchmode successfully now!
Exiting without the bug reporter. Application will terminate with return code 0